#
# A fatal error has been detected by the Java Runtime Environment:
#
#  EXCEPTION_ACCESS_VIOLATION (0xc0000005) at pc=0x00007ffa2281c350, pid=2872, tid=12164
#
# JRE version: OpenJDK Runtime Environment (11.0.15) (build 11.0.15+0-b2043.56-9505619)
# Java VM: OpenJDK 64-Bit Server VM (11.0.15+0-b2043.56-9505619, mixed mode, tiered, compressed oops, g1 gc, windows-amd64)
# Problematic frame:
# V  [jvm.dll+0x37c350]
#
# No core dump will be written. Minidumps are not enabled by default on client versions of Windows
#
# If you would like to submit a bug report, please visit:
#   https://bugreport.java.com/bugreport/crash.jsp
#

---------------  S U M M A R Y ------------

Command Line: --add-opens=java.base/java.util=ALL-UNNAMED --add-opens=java.base/java.lang=ALL-UNNAMED --add-opens=java.base/java.lang.invoke=ALL-UNNAMED --add-opens=java.base/java.util=ALL-UNNAMED --add-opens=java.prefs/java.util.prefs=ALL-UNNAMED --add-opens=java.prefs/java.util.prefs=ALL-UNNAMED --add-opens=java.base/java.nio.charset=ALL-UNNAMED --add-opens=java.base/java.net=ALL-UNNAMED --add-opens=java.base/java.util.concurrent.atomic=ALL-UNNAMED -Xmx2048m -Dfile.encoding=UTF-8 -Duser.country=BR -Duser.language=pt -Duser.variant org.gradle.launcher.daemon.bootstrap.GradleDaemon 7.5

Host: Intel(R) Core(TM) i3-3250 CPU @ 3.50GHz, 4 cores, 7G,  Windows 10 , 64 bit Build 19041 (10.0.19041.2546)
Time: Tue Mar 28 18:37:20 2023 Hora oficial do Brasil elapsed time: 44.514168 seconds (0d 0h 0m 44s)

---------------  T H R E A D  ---------------

Current thread (0x000001a6be848800):  JavaThread "C2 CompilerThread0" daemon [_thread_in_native, id=12164, stack(0x0000003f8b000000,0x0000003f8b100000)]


Current CompileTask:
C2:  44514 4822 %     4       org.objectweb.asm.ClassReader::readCode @ 2186 (5109 bytes)

Stack: [0x0000003f8b000000,0x0000003f8b100000],  sp=0x0000003f8b0fbfa0,  free space=1007k
Native frames: (J=compiled Java code, j=interpreted, Vv=VM code, C=native code)
V  [jvm.dll+0x37c350]
V  [jvm.dll+0x375960]
V  [jvm.dll+0x1b3951]
V  [jvm.dll+0x22163e]
V  [jvm.dll+0x220498]
V  [jvm.dll+0x19e851]
V  [jvm.dll+0x230479]
V  [jvm.dll+0x22e5ef]
V  [jvm.dll+0x794de1]
V  [jvm.dll+0x78dc24]
V  [jvm.dll+0x6400f6]
C  [ucrtbase.dll+0x21bb2]
C  [KERNEL32.DLL+0x17614]
C  [ntdll.dll+0x526a1]


siginfo: EXCEPTION_ACCESS_VIOLATION (0xc0000005), reading address 0x00007fda22f87a40


Register to memory mapping:

RIP=0x00007ffa2281c350 jvm.dll
RAX=0x0 is NULL
RBX=0x0000003f8b0fbff0 is pointing into the stack for thread: 0x000001a6be848800
RCX=0x0 is NULL
RDX=0x0000000000000008 is an unknown value
RSP=0x0000003f8b0fbfa0 is pointing into the stack for thread: 0x000001a6be848800
RBP=0x0000003f8b0fc120 is pointing into the stack for thread: 0x000001a6be848800
RSI=0x00007ffa22f87a40 jvm.dll
RDI=0x0000000000000015 is an unknown value
R8 =0x00007fda22f87a40 is an unknown value
R9 =0x0000000000000007 is an unknown value
R10=0x000001a6c1d78e20 points into unknown readable memory: 0x0000000000000000 | 00 00 00 00 00 00 00 00
R11=0x0000003f8b0fbf00 is pointing into the stack for thread: 0x000001a6be848800
R12=0x00007ffa224a0000 jvm.dll
R13=0x000001a6c012a748 points into unknown readable memory: 0x0000000000000000 | 00 00 00 00 00 00 00 00
R14=0x0000000000000016 is an unknown value
R15=0x00007ffa22f87a40 jvm.dll


Registers:
RAX=0x0000000000000000, RBX=0x0000003f8b0fbff0, RCX=0x0000000000000000, RDX=0x0000000000000008
RSP=0x0000003f8b0fbfa0, RBP=0x0000003f8b0fc120, RSI=0x00007ffa22f87a40, RDI=0x0000000000000015
R8 =0x00007fda22f87a40, R9 =0x0000000000000007, R10=0x000001a6c1d78e20, R11=0x0000003f8b0fbf00
R12=0x00007ffa224a0000, R13=0x000001a6c012a748, R14=0x0000000000000016, R15=0x00007ffa22f87a40
RIP=0x00007ffa2281c350, EFLAGS=0x0000000000010246

Top of Stack: (sp=0x0000003f8b0fbfa0)
0x0000003f8b0fbfa0:   0000000000000000 0000000000000000
0x0000003f8b0fbfb0:   000001a6be840130 00007ffa22d43c00
0x0000003f8b0fbfc0:   000001a6c79ffab0 00007ffa22815960
0x0000003f8b0fbfd0:   0000000000002376 0000000000002376
0x0000003f8b0fbfe0:   0000000000000000 00007ffa22d89cb0
0x0000003f8b0fbff0:   0000067900000000 0000000000000004
0x0000003f8b0fc000:   00007fda22f87a40 0000000000000007
0x0000003f8b0fc010:   000001a6c24e3560 0000000000000036
0x0000003f8b0fc020:   000001a6c7b21a10 0000000000000000
0x0000003f8b0fc030:   000001a6c012a360 0000000000000000
0x0000003f8b0fc040:   0000003f8b0fc150 00007ffa22653951
0x0000003f8b0fc050:   0000003f8b0fc4d0 0000003f8b0fc5b8
0x0000003f8b0fc060:   000001a6c012a370 00000000000003d8
0x0000003f8b0fc070:   0000000000000000 0000003f00000001
0x0000003f8b0fc080:   0000000000000006 000001a6c012a360
0x0000003f8b0fc090:   000001a6c760ab70 000001a6c7611180 

Instructions: (pc=0x00007ffa2281c350)
0x00007ffa2281c250:   00 00 3b bb 90 00 00 00 0f 82 62 ff ff ff 4c 8b
0x00007ffa2281c260:   74 24 60 4c 8b 6c 24 58 4c 8b 64 24 50 48 8b c3
0x00007ffa2281c270:   48 83 c4 20 41 5f 5f 5e 5d 5b c3 cc cc cc cc cc
0x00007ffa2281c280:   8b 02 45 33 c0 44 89 01 c7 41 08 08 00 00 00 85
0x00007ffa2281c290:   c0 75 12 c7 41 18 01 00 00 00 48 8b c1 c7 41 28
0x00007ffa2281c2a0:   01 00 00 00 c3 44 89 41 04 44 89 41 18 8b 82 90
0x00007ffa2281c2b0:   00 00 00 89 41 28 4c 89 41 10 48 8b 42 08 48 89
0x00007ffa2281c2c0:   41 20 48 8b c1 48 89 51 30 c3 cc cc cc cc cc cc
0x00007ffa2281c2d0:   40 53 48 83 ec 20 8b 51 08 48 8b d9 83 fa 08 73
0x00007ffa2281c2e0:   2a 4c 8b 51 10 66 66 66 0f 1f 84 00 00 00 00 00
0x00007ffa2281c2f0:   44 8b ca 44 8d 42 01 43 83 3c 8a 00 0f 85 98 00
0x00007ffa2281c300:   00 00 41 8b d0 41 83 f8 08 72 e5 8b 41 28 48 89
0x00007ffa2281c310:   74 24 30 48 89 7c 24 38 8b 79 18 3b f8 73 5f 48
0x00007ffa2281c320:   8d 35 1a b7 76 00 66 66 0f 1f 84 00 00 00 00 00
0x00007ffa2281c330:   48 8b 43 20 8b cf 4c 8b 04 c8 4c 3b c6 74 36 33
0x00007ffa2281c340:   c0 4c 89 43 10 33 c9 66 0f 1f 84 00 00 00 00 00
0x00007ffa2281c350:   42 83 3c 01 00 8d 50 01 75 69 48 83 c1 04 8b c2
0x00007ffa2281c360:   83 fa 08 72 eb 48 8b 4b 30 48 85 c9 74 07 8b d7
0x00007ffa2281c370:   e8 3b 01 00 00 8b 43 28 ff c7 3b f8 72 b2 48 8b
0x00007ffa2281c380:   74 24 30 48 8b 7c 24 38 89 43 18 33 c0 c7 43 08
0x00007ffa2281c390:   08 00 00 00 48 83 c4 20 5b c3 8b 41 18 8d 0c c2
0x00007ffa2281c3a0:   c1 e1 05 81 e9 00 01 00 00 89 4b 04 48 8b cb 43
0x00007ffa2281c3b0:   8b 04 8a 89 03 44 89 43 08 48 83 c4 20 5b e9 dd
0x00007ffa2281c3c0:   a5 e3 ff 8d 0c f8 c1 e1 05 89 4b 04 8b c8 8d 47
0x00007ffa2281c3d0:   01 41 8b 0c 88 89 0b 48 8b cb 89 43 18 89 53 08
0x00007ffa2281c3e0:   48 8b 74 24 30 48 8b 7c 24 38 48 83 c4 20 5b e9
0x00007ffa2281c3f0:   ac a5 e3 ff cc cc cc cc cc cc cc cc cc cc cc cc
0x00007ffa2281c400:   40 53 48 83 ec 20 65 48 8b 04 25 58 00 00 00 8b
0x00007ffa2281c410:   0d d3 74 7a 00 48 8b 1c c8 b8 10 00 00 00 80 3c
0x00007ffa2281c420:   18 00 75 05 e8 1b 90 48 00 b8 08 00 00 00 48 8b
0x00007ffa2281c430:   04 18 48 8b 88 e8 04 00 00 48 8b 99 80 00 00 00
0x00007ffa2281c440:   48 8b 83 b0 08 00 00 48 85 c0 75 0c e8 4f 0a 00 


Stack slot to memory mapping:
stack at sp + 0 slots: 0x0 is NULL
stack at sp + 1 slots: 0x0 is NULL
stack at sp + 2 slots: 0x000001a6be840130 points into unknown readable memory: 0x0072060000000006 | 06 00 00 00 00 06 72 00
stack at sp + 3 slots: 0x00007ffa22d43c00 jvm.dll
stack at sp + 4 slots: 0x000001a6c79ffab0 points into unknown readable memory: 0x000000000000000e | 0e 00 00 00 00 00 00 00
stack at sp + 5 slots: 0x00007ffa22815960 jvm.dll
stack at sp + 6 slots: 0x0000000000002376 is an unknown value
stack at sp + 7 slots: 0x0000000000002376 is an unknown value


---------------  P R O C E S S  ---------------

Threads class SMR info:
_java_thread_list=0x000001a6c219aea0, length=36, elements={
0x000001a6a4c15000, 0x000001a6be82a000, 0x000001a6be82b000, 0x000001a6be843000,
0x000001a6be843800, 0x000001a6be845800, 0x000001a6be848800, 0x000001a6be84f000,
0x000001a6be859000, 0x000001a6bf329800, 0x000001a6c0a89000, 0x000001a6bfce8000,
0x000001a6c1aa3000, 0x000001a6c01a8800, 0x000001a6c067d000, 0x000001a6c093f800,
0x000001a6c0850800, 0x000001a6c0793000, 0x000001a6c19f0800, 0x000001a6c0974800,
0x000001a6c1b1f800, 0x000001a6c1b1e800, 0x000001a6c1b20800, 0x000001a6c1b21000,
0x000001a6c1b22000, 0x000001a6c1b1c000, 0x000001a6c1b23000, 0x000001a6c1b1d000,
0x000001a6c1b1e000, 0x000001a6c2b63000, 0x000001a6c2b68000, 0x000001a6c2b67000,
0x000001a6c2b69800, 0x000001a6c2b69000, 0x000001a6c2b64000, 0x000001a6c6c22000
}

Java Threads: ( => current thread )
  0x000001a6a4c15000 JavaThread "main" [_thread_blocked, id=12076, stack(0x0000003f8a400000,0x0000003f8a500000)]
  0x000001a6be82a000 JavaThread "Reference Handler" daemon [_thread_blocked, id=252, stack(0x0000003f8ab00000,0x0000003f8ac00000)]
  0x000001a6be82b000 JavaThread "Finalizer" daemon [_thread_blocked, id=11932, stack(0x0000003f8ac00000,0x0000003f8ad00000)]
  0x000001a6be843000 JavaThread "Signal Dispatcher" daemon [_thread_blocked, id=6500, stack(0x0000003f8ad00000,0x0000003f8ae00000)]
  0x000001a6be843800 JavaThread "Attach Listener" daemon [_thread_blocked, id=8952, stack(0x0000003f8ae00000,0x0000003f8af00000)]
  0x000001a6be845800 JavaThread "Service Thread" daemon [_thread_blocked, id=10484, stack(0x0000003f8af00000,0x0000003f8b000000)]
=>0x000001a6be848800 JavaThread "C2 CompilerThread0" daemon [_thread_in_native, id=12164, stack(0x0000003f8b000000,0x0000003f8b100000)]
  0x000001a6be84f000 JavaThread "C1 CompilerThread0" daemon [_thread_in_native, id=7076, stack(0x0000003f8b100000,0x0000003f8b200000)]
  0x000001a6be859000 JavaThread "Sweeper thread" daemon [_thread_blocked, id=8196, stack(0x0000003f8b200000,0x0000003f8b300000)]
  0x000001a6bf329800 JavaThread "Common-Cleaner" daemon [_thread_blocked, id=8908, stack(0x0000003f8b300000,0x0000003f8b400000)]
  0x000001a6c0a89000 JavaThread "Daemon health stats" [_thread_blocked, id=11212, stack(0x0000003f8b800000,0x0000003f8b900000)]
  0x000001a6bfce8000 JavaThread "Incoming local TCP Connector on port 62778" [_thread_in_native, id=8524, stack(0x0000003f8b500000,0x0000003f8b600000)]
  0x000001a6c1aa3000 JavaThread "Daemon periodic checks" [_thread_blocked, id=11744, stack(0x0000003f8b900000,0x0000003f8ba00000)]
  0x000001a6c01a8800 JavaThread "Daemon" [_thread_blocked, id=804, stack(0x0000003f8ba00000,0x0000003f8bb00000)]
  0x000001a6c067d000 JavaThread "Handler for socket connection from /127.0.0.1:62778 to /127.0.0.1:62780" [_thread_in_native, id=10984, stack(0x0000003f8bb00000,0x0000003f8bc00000)]
  0x000001a6c093f800 JavaThread "Cancel handler" [_thread_blocked, id=11664, stack(0x0000003f8bc00000,0x0000003f8bd00000)]
  0x000001a6c0850800 JavaThread "Daemon worker" [_thread_blocked, id=10768, stack(0x0000003f8bd00000,0x0000003f8be00000)]
  0x000001a6c0793000 JavaThread "Asynchronous log dispatcher for DefaultDaemonConnection: socket connection from /127.0.0.1:62778 to /127.0.0.1:62780" [_thread_blocked, id=852, stack(0x0000003f8be00000,0x0000003f8bf00000)]
  0x000001a6c19f0800 JavaThread "Stdin handler" [_thread_blocked, id=9648, stack(0x0000003f8bf00000,0x0000003f8c000000)]
  0x000001a6c0974800 JavaThread "Daemon client event forwarder" [_thread_blocked, id=9264, stack(0x0000003f8c000000,0x0000003f8c100000)]
  0x000001a6c1b1f800 JavaThread "Cache worker for journal cache (C:\Users\ykelv\.gradle\caches\journal-1)" [_thread_blocked, id=4580, stack(0x0000003f8c300000,0x0000003f8c400000)]
  0x000001a6c1b1e800 JavaThread "File lock request listener" [_thread_in_native, id=9044, stack(0x0000003f8c400000,0x0000003f8c500000)]
  0x000001a6c1b20800 JavaThread "Cache worker for file hash cache (C:\Users\ykelv\.gradle\caches\7.5\fileHashes)" [_thread_blocked, id=2612, stack(0x0000003f8c500000,0x0000003f8c600000)]
  0x000001a6c1b21000 JavaThread "File watcher server" daemon [_thread_in_native, id=8056, stack(0x0000003f8c600000,0x0000003f8c700000)]
  0x000001a6c1b22000 JavaThread "File watcher consumer" daemon [_thread_blocked, id=12200, stack(0x0000003f8c700000,0x0000003f8c800000)]
  0x000001a6c1b1c000 JavaThread "jar transforms" [_thread_in_native, id=10352, stack(0x0000003f8c800000,0x0000003f8c900000)]
  0x000001a6c1b23000 JavaThread "jar transforms Thread 2" [_thread_in_native, id=10436, stack(0x0000003f8c900000,0x0000003f8ca00000)]
  0x000001a6c1b1d000 JavaThread "jar transforms Thread 3" [_thread_in_Java, id=1700, stack(0x0000003f8ca00000,0x0000003f8cb00000)]
  0x000001a6c1b1e000 JavaThread "jar transforms Thread 4" [_thread_in_Java, id=1056, stack(0x0000003f8cb00000,0x0000003f8cc00000)]
  0x000001a6c2b63000 JavaThread "Cache worker for checksums cache (C:\Users\ykelv\AndroidStudioProjects\GeoTest\.gradle\7.5\checksums)" [_thread_blocked, id=4512, stack(0x0000003f8c100000,0x0000003f8c200000)]
  0x000001a6c2b68000 JavaThread "Cache worker for cache directory md-rule (C:\Users\ykelv\.gradle\caches\7.5\md-rule)" [_thread_blocked, id=9184, stack(0x0000003f8cc00000,0x0000003f8cd00000)]
  0x000001a6c2b67000 JavaThread "Cache worker for file content cache (C:\Users\ykelv\.gradle\caches\7.5\fileContent)" [_thread_blocked, id=10700, stack(0x0000003f8cd00000,0x0000003f8ce00000)]
  0x000001a6c2b69800 JavaThread "Cache worker for file hash cache (C:\Users\ykelv\AndroidStudioProjects\GeoTest\.gradle\7.5\fileHashes)" [_thread_blocked, id=9772, stack(0x0000003f8cf00000,0x0000003f8d000000)]
  0x000001a6c2b69000 JavaThread "Cache worker for cache directory md-supplier (C:\Users\ykelv\.gradle\caches\7.5\md-supplier)" [_thread_blocked, id=7084, stack(0x0000003f8d000000,0x0000003f8d100000)]
  0x000001a6c2b64000 JavaThread "Cache worker for execution history cache (C:\Users\ykelv\.gradle\caches\7.5\executionHistory)" [_thread_blocked, id=4672, stack(0x0000003f8d100000,0x0000003f8d200000)]
  0x000001a6c6c22000 JavaThread "C2 CompilerThread1" daemon [_thread_blocked, id=11460, stack(0x0000003f8ce00000,0x0000003f8cf00000)]

Other Threads:
  0x000001a6be826000 VMThread "VM Thread" [stack: 0x0000003f8aa00000,0x0000003f8ab00000] [id=12156]
  0x000001a6bf355000 WatcherThread [stack: 0x0000003f8b400000,0x0000003f8b500000] [id=8796]
  0x000001a6a4c2c800 GCTaskThread "GC Thread#0" [stack: 0x0000003f8a500000,0x0000003f8a600000] [id=11856]
  0x000001a6bfc68000 GCTaskThread "GC Thread#1" [stack: 0x0000003f8b600000,0x0000003f8b700000] [id=2148]
  0x000001a6bfc98000 GCTaskThread "GC Thread#2" [stack: 0x0000003f8b700000,0x0000003f8b800000] [id=1712]
  0x000001a6c19ac000 GCTaskThread "GC Thread#3" [stack: 0x0000003f8c200000,0x0000003f8c300000] [id=11356]
  0x000001a6a4c5d000 ConcurrentGCThread "G1 Main Marker" [stack: 0x0000003f8a600000,0x0000003f8a700000] [id=12280]
  0x000001a6a4c5e800 ConcurrentGCThread "G1 Conc#0" [stack: 0x0000003f8a700000,0x0000003f8a800000] [id=7656]
  0x000001a6a4cee000 ConcurrentGCThread "G1 Refine#0" [stack: 0x0000003f8a800000,0x0000003f8a900000] [id=7120]
  0x000001a6be670800 ConcurrentGCThread "G1 Young RemSet Sampling" [stack: 0x0000003f8a900000,0x0000003f8aa00000] [id=11748]

Threads with active compile tasks:
C2 CompilerThread0    44614 4822 %     4       org.objectweb.asm.ClassReader::readCode @ 2186 (5109 bytes)
C1 CompilerThread0    44614 4927       3       org.gradle.internal.classpath.InstrumentingTransformer$InstrumentingMethodVisitor::visitINVOKESTATIC (848 bytes)

VM state:not at safepoint (normal execution)

VM Mutex/Monitor currently owned by a thread: None

Heap address: 0x0000000080000000, size: 2048 MB, Compressed Oops mode: 32-bit
Narrow klass base: 0x0000000000000000, Narrow klass shift: 3
Compressed class space size: 1073741824 Address: 0x0000000100000000

Heap:
 garbage-first heap   total 309248K, used 196564K [0x0000000080000000, 0x0000000100000000)
  region size 1024K, 88 young (90112K), 4 survivors (4096K)
 Metaspace       used 45036K, capacity 46214K, committed 46384K, reserved 1089536K
  class space    used 5721K, capacity 6180K, committed 6272K, reserved 1048576K
Heap Regions: E=young(eden), S=young(survivor), O=old, HS=humongous(starts), HC=humongous(continues), CS=collection set, F=free, A=archive, TAMS=top-at-mark-start (previous, next)
|   0|0x0000000080000000, 0x0000000080100000, 0x0000000080100000|100%|HS|  |TAMS 0x0000000080100000, 0x0000000080000000| Complete 
|   1|0x0000000080100000, 0x0000000080200000, 0x0000000080200000|100%|HC|  |TAMS 0x0000000080200000, 0x0000000080100000| Complete 
|   2|0x0000000080200000, 0x0000000080300000, 0x0000000080300000|100%|HC|  |TAMS 0x0000000080300000, 0x0000000080200000| Complete 
|   3|0x0000000080300000, 0x0000000080400000, 0x0000000080400000|100%| O|  |TAMS 0x0000000080400000, 0x0000000080300000| Untracked 
|   4|0x0000000080400000, 0x0000000080500000, 0x0000000080500000|100%| O|  |TAMS 0x0000000080500000, 0x0000000080400000| Untracked 
|   5|0x0000000080500000, 0x0000000080600000, 0x0000000080600000|100%| O|  |TAMS 0x0000000080600000, 0x0000000080500000| Untracked 
|   6|0x0000000080600000, 0x0000000080700000, 0x0000000080700000|100%| O|  |TAMS 0x0000000080700000, 0x0000000080600000| Untracked 
|   7|0x0000000080700000, 0x0000000080800000, 0x0000000080800000|100%| O|  |TAMS 0x0000000080800000, 0x0000000080700000| Untracked 
|   8|0x0000000080800000, 0x0000000080900000, 0x0000000080900000|100%| O|  |TAMS 0x0000000080900000, 0x0000000080800000| Untracked 
|   9|0x0000000080900000, 0x0000000080a00000, 0x0000000080a00000|100%| O|  |TAMS 0x0000000080a00000, 0x0000000080900000| Untracked 
|  10|0x0000000080a00000, 0x0000000080b00000, 0x0000000080b00000|100%| O|  |TAMS 0x0000000080b00000, 0x0000000080a00000| Untracked 
|  11|0x0000000080b00000, 0x0000000080c00000, 0x0000000080c00000|100%| O|  |TAMS 0x0000000080c00000, 0x0000000080b00000| Untracked 
|  12|0x0000000080c00000, 0x0000000080d00000, 0x0000000080d00000|100%| O|  |TAMS 0x0000000080d00000, 0x0000000080c00000| Untracked 
|  13|0x0000000080d00000, 0x0000000080e00000, 0x0000000080e00000|100%| O|  |TAMS 0x0000000080e00000, 0x0000000080d00000| Untracked 
|  14|0x0000000080e00000, 0x0000000080f00000, 0x0000000080f00000|100%| O|  |TAMS 0x0000000080f00000, 0x0000000080e00000| Untracked 
|  15|0x0000000080f00000, 0x0000000081000000, 0x0000000081000000|100%| O|  |TAMS 0x0000000081000000, 0x0000000080f00000| Untracked 
|  16|0x0000000081000000, 0x0000000081100000, 0x0000000081100000|100%| O|  |TAMS 0x0000000081100000, 0x0000000081000000| Untracked 
|  17|0x0000000081100000, 0x0000000081200000, 0x0000000081200000|100%|HS|  |TAMS 0x0000000081200000, 0x0000000081100000| Complete 
|  18|0x0000000081200000, 0x0000000081300000, 0x0000000081300000|100%|HC|  |TAMS 0x0000000081300000, 0x0000000081200000| Complete 
|  19|0x0000000081300000, 0x0000000081400000, 0x0000000081400000|100%|HS|  |TAMS 0x0000000081400000, 0x0000000081300000| Complete 
|  20|0x0000000081400000, 0x0000000081500000, 0x0000000081500000|100%|HC|  |TAMS 0x0000000081500000, 0x0000000081400000| Complete 
|  21|0x0000000081500000, 0x0000000081600000, 0x0000000081600000|100%|HC|  |TAMS 0x0000000081600000, 0x0000000081500000| Complete 
|  22|0x0000000081600000, 0x0000000081700000, 0x0000000081700000|100%|HS|  |TAMS 0x0000000081700000, 0x0000000081600000| Complete 
|  23|0x0000000081700000, 0x0000000081800000, 0x0000000081800000|100%|HC|  |TAMS 0x0000000081800000, 0x0000000081700000| Complete 
|  24|0x0000000081800000, 0x0000000081900000, 0x0000000081900000|100%|HC|  |TAMS 0x0000000081900000, 0x0000000081800000| Complete 
|  25|0x0000000081900000, 0x0000000081a00000, 0x0000000081a00000|100%|HS|  |TAMS 0x0000000081a00000, 0x0000000081900000| Complete 
|  26|0x0000000081a00000, 0x0000000081b00000, 0x0000000081b00000|100%|HC|  |TAMS 0x0000000081b00000, 0x0000000081a00000| Complete 
|  27|0x0000000081b00000, 0x0000000081c00000, 0x0000000081c00000|100%|HS|  |TAMS 0x0000000081c00000, 0x0000000081b00000| Complete 
|  28|0x0000000081c00000, 0x0000000081d00000, 0x0000000081d00000|100%|HC|  |TAMS 0x0000000081d00000, 0x0000000081c00000| Complete 
|  29|0x0000000081d00000, 0x0000000081e00000, 0x0000000081e00000|100%|HC|  |TAMS 0x0000000081e00000, 0x0000000081d00000| Complete 
|  30|0x0000000081e00000, 0x0000000081f00000, 0x0000000081f00000|100%|HC|  |TAMS 0x0000000081f00000, 0x0000000081e00000| Complete 
|  31|0x0000000081f00000, 0x0000000082000000, 0x0000000082000000|100%|HC|  |TAMS 0x0000000082000000, 0x0000000081f00000| Complete 
|  32|0x0000000082000000, 0x0000000082100000, 0x0000000082100000|100%|HC|  |TAMS 0x0000000082100000, 0x0000000082000000| Complete 
|  33|0x0000000082100000, 0x0000000082200000, 0x0000000082200000|100%|HC|  |TAMS 0x0000000082200000, 0x0000000082100000| Complete 
|  34|0x0000000082200000, 0x0000000082300000, 0x0000000082300000|100%|HC|  |TAMS 0x0000000082300000, 0x0000000082200000| Complete 
|  35|0x0000000082300000, 0x0000000082400000, 0x0000000082400000|100%|HC|  |TAMS 0x0000000082400000, 0x0000000082300000| Complete 
|  36|0x0000000082400000, 0x0000000082500000, 0x0000000082500000|100%|HC|  |TAMS 0x0000000082500000, 0x0000000082400000| Complete 
|  37|0x0000000082500000, 0x0000000082600000, 0x0000000082600000|100%|HS|  |TAMS 0x0000000082600000, 0x0000000082500000| Complete 
|  38|0x0000000082600000, 0x0000000082700000, 0x0000000082700000|100%|HC|  |TAMS 0x0000000082700000, 0x0000000082600000| Complete 
|  39|0x0000000082700000, 0x0000000082800000, 0x0000000082800000|100%|HS|  |TAMS 0x0000000082800000, 0x0000000082700000| Complete 
|  40|0x0000000082800000, 0x0000000082900000, 0x0000000082900000|100%|HC|  |TAMS 0x0000000082900000, 0x0000000082800000| Complete 
|  41|0x0000000082900000, 0x0000000082a00000, 0x0000000082a00000|100%|HC|  |TAMS 0x0000000082a00000, 0x0000000082900000| Complete 
|  42|0x0000000082a00000, 0x0000000082b00000, 0x0000000082b00000|100%|HC|  |TAMS 0x0000000082b00000, 0x0000000082a00000| Complete 
|  43|0x0000000082b00000, 0x0000000082c00000, 0x0000000082c00000|100%|HC|  |TAMS 0x0000000082c00000, 0x0000000082b00000| Complete 
|  44|0x0000000082c00000, 0x0000000082d00000, 0x0000000082d00000|100%| O|  |TAMS 0x0000000082d00000, 0x0000000082c00000| Untracked 
|  45|0x0000000082d00000, 0x0000000082e00000, 0x0000000082e00000|100%| O|  |TAMS 0x0000000082e00000, 0x0000000082d00000| Untracked 
|  46|0x0000000082e00000, 0x0000000082f00000, 0x0000000082f00000|100%| O|  |TAMS 0x0000000082f00000, 0x0000000082e00000| Untracked 
|  47|0x0000000082f00000, 0x0000000083000000, 0x0000000083000000|100%| O|  |TAMS 0x0000000083000000, 0x0000000082f00000| Untracked 
|  48|0x0000000083000000, 0x0000000083100000, 0x0000000083100000|100%| O|  |TAMS 0x0000000083100000, 0x0000000083000000| Untracked 
|  49|0x0000000083100000, 0x0000000083200000, 0x0000000083200000|100%| O|  |TAMS 0x0000000083200000, 0x0000000083100000| Untracked 
|  50|0x0000000083200000, 0x0000000083300000, 0x0000000083300000|100%| O|  |TAMS 0x0000000083300000, 0x0000000083200000| Untracked 
|  51|0x0000000083300000, 0x0000000083400000, 0x0000000083400000|100%| O|  |TAMS 0x0000000083400000, 0x0000000083300000| Untracked 
|  52|0x0000000083400000, 0x0000000083500000, 0x0000000083500000|100%|HS|  |TAMS 0x0000000083400000, 0x0000000083400000| Complete 
|  53|0x0000000083500000, 0x0000000083600000, 0x0000000083600000|100%|HC|  |TAMS 0x0000000083500000, 0x0000000083500000| Complete 
|  54|0x0000000083600000, 0x0000000083700000, 0x0000000083700000|100%| O|  |TAMS 0x0000000083700000, 0x0000000083600000| Untracked 
|  55|0x0000000083700000, 0x0000000083800000, 0x0000000083800000|100%| O|  |TAMS 0x0000000083800000, 0x0000000083700000| Untracked 
|  56|0x0000000083800000, 0x0000000083900000, 0x0000000083900000|100%| O|  |TAMS 0x0000000083900000, 0x0000000083800000| Untracked 
|  57|0x0000000083900000, 0x0000000083a00000, 0x0000000083a00000|100%| O|  |TAMS 0x0000000083a00000, 0x0000000083900000| Untracked 
|  58|0x0000000083a00000, 0x0000000083b00000, 0x0000000083b00000|100%| O|  |TAMS 0x0000000083b00000, 0x0000000083a00000| Untracked 
|  59|0x0000000083b00000, 0x0000000083c00000, 0x0000000083c00000|100%| O|  |TAMS 0x0000000083c00000, 0x0000000083b00000| Untracked 
|  60|0x0000000083c00000, 0x0000000083d00000, 0x0000000083d00000|100%| O|  |TAMS 0x0000000083d00000, 0x0000000083c00000| Untracked 
|  61|0x0000000083d00000, 0x0000000083e00000, 0x0000000083e00000|100%| O|  |TAMS 0x0000000083d00000, 0x0000000083d00000| Untracked 
|  62|0x0000000083e00000, 0x0000000083f00000, 0x0000000083f00000|100%| O|  |TAMS 0x0000000083f00000, 0x0000000083e00000| Untracked 
|  63|0x0000000083f00000, 0x0000000084000000, 0x0000000084000000|100%| O|  |TAMS 0x0000000084000000, 0x0000000083f00000| Untracked 
|  64|0x0000000084000000, 0x0000000084100000, 0x0000000084100000|100%| O|  |TAMS 0x0000000084100000, 0x0000000084000000| Untracked 
|  65|0x0000000084100000, 0x0000000084200000, 0x0000000084200000|100%|HS|  |TAMS 0x0000000084100000, 0x0000000084100000| Complete 
|  66|0x0000000084200000, 0x0000000084300000, 0x0000000084300000|100%|HC|  |TAMS 0x0000000084200000, 0x0000000084200000| Complete 
|  67|0x0000000084300000, 0x0000000084400000, 0x0000000084400000|100%|HC|  |TAMS 0x0000000084300000, 0x0000000084300000| Complete 
|  68|0x0000000084400000, 0x0000000084500000, 0x0000000084500000|100%|HS|  |TAMS 0x0000000084400000, 0x0000000084400000| Complete 
|  69|0x0000000084500000, 0x0000000084600000, 0x0000000084600000|100%|HC|  |TAMS 0x0000000084500000, 0x0000000084500000| Complete 
|  70|0x0000000084600000, 0x0000000084700000, 0x0000000084700000|100%| O|  |TAMS 0x0000000084600000, 0x0000000084600000| Untracked 
|  71|0x0000000084700000, 0x0000000084800000, 0x0000000084800000|100%| O|  |TAMS 0x0000000084700000, 0x0000000084700000| Untracked 
|  72|0x0000000084800000, 0x0000000084900000, 0x0000000084900000|100%| O|  |TAMS 0x000000008483ee00, 0x0000000084800000| Untracked 
|  73|0x0000000084900000, 0x0000000084a00000, 0x0000000084a00000|100%| O|  |TAMS 0x0000000084900000, 0x0000000084900000| Untracked 
|  74|0x0000000084a00000, 0x0000000084b00000, 0x0000000084b00000|100%| O|  |TAMS 0x0000000084a00000, 0x0000000084a00000| Untracked 
|  75|0x0000000084b00000, 0x0000000084c00000, 0x0000000084c00000|100%| O|  |TAMS 0x0000000084b00000, 0x0000000084b00000| Untracked 
|  76|0x0000000084c00000, 0x0000000084d00000, 0x0000000084d00000|100%| O|  |TAMS 0x0000000084c00000, 0x0000000084c00000| Untracked 
|  77|0x0000000084d00000, 0x0000000084e00000, 0x0000000084e00000|100%| O|  |TAMS 0x0000000084d00000, 0x0000000084d00000| Untracked 
|  78|0x0000000084e00000, 0x0000000084f00000, 0x0000000084f00000|100%| O|  |TAMS 0x0000000084e00000, 0x0000000084e00000| Untracked 
|  79|0x0000000084f00000, 0x0000000084ff5000, 0x0000000085000000| 95%| O|  |TAMS 0x0000000084f00000, 0x0000000084f00000| Untracked 
|  80|0x0000000085000000, 0x0000000085100000, 0x0000000085100000|100%|HS|  |TAMS 0x0000000085000000, 0x0000000085000000| Complete 
|  81|0x0000000085100000, 0x0000000085200000, 0x0000000085200000|100%|HC|  |TAMS 0x0000000085100000, 0x0000000085100000| Complete 
|  82|0x0000000085200000, 0x0000000085300000, 0x0000000085300000|100%|HC|  |TAMS 0x0000000085200000, 0x0000000085200000| Complete 
|  83|0x0000000085300000, 0x0000000085400000, 0x0000000085400000|100%|HC|  |TAMS 0x0000000085300000, 0x0000000085300000| Complete 
|  84|0x0000000085400000, 0x0000000085500000, 0x0000000085500000|100%|HC|  |TAMS 0x0000000085400000, 0x0000000085400000| Complete 
|  85|0x0000000085500000, 0x0000000085600000, 0x0000000085600000|100%|HC|  |TAMS 0x0000000085500000, 0x0000000085500000| Complete 
|  86|0x0000000085600000, 0x0000000085700000, 0x0000000085700000|100%|HC|  |TAMS 0x0000000085600000, 0x0000000085600000| Complete 
|  87|0x0000000085700000, 0x0000000085800000, 0x0000000085800000|100%|HC|  |TAMS 0x0000000085700000, 0x0000000085700000| Complete 
|  88|0x0000000085800000, 0x0000000085900000, 0x0000000085900000|100%|HC|  |TAMS 0x0000000085800000, 0x0000000085800000| Complete 
|  89|0x0000000085900000, 0x0000000085a00000, 0x0000000085a00000|100%|HC|  |TAMS 0x0000000085900000, 0x0000000085900000| Complete 
|  90|0x0000000085a00000, 0x0000000085b00000, 0x0000000085b00000|100%|HS|  |TAMS 0x0000000085a00000, 0x0000000085a00000| Complete 
|  91|0x0000000085b00000, 0x0000000085c00000, 0x0000000085c00000|100%|HC|  |TAMS 0x0000000085b00000, 0x0000000085b00000| Complete 
|  92|0x0000000085c00000, 0x0000000085d00000, 0x0000000085d00000|100%|HC|  |TAMS 0x0000000085c00000, 0x0000000085c00000| Complete 
|  93|0x0000000085d00000, 0x0000000085e00000, 0x0000000085e00000|100%|HC|  |TAMS 0x0000000085d00000, 0x0000000085d00000| Complete 
|  94|0x0000000085e00000, 0x0000000085f00000, 0x0000000085f00000|100%|HC|  |TAMS 0x0000000085e00000, 0x0000000085e00000| Complete 
|  95|0x0000000085f00000, 0x0000000086000000, 0x0000000086000000|100%|HC|  |TAMS 0x0000000085f00000, 0x0000000085f00000| Complete 
|  96|0x0000000086000000, 0x0000000086100000, 0x0000000086100000|100%|HC|  |TAMS 0x0000000086000000, 0x0000000086000000| Complete 
|  97|0x0000000086100000, 0x0000000086200000, 0x0000000086200000|100%|HC|  |TAMS 0x0000000086100000, 0x0000000086100000| Complete 
|  98|0x0000000086200000, 0x0000000086300000, 0x0000000086300000|100%|HC|  |TAMS 0x0000000086200000, 0x0000000086200000| Complete 
|  99|0x0000000086300000, 0x0000000086400000, 0x0000000086400000|100%|HC|  |TAMS 0x0000000086300000, 0x0000000086300000| Complete 
| 100|0x0000000086400000, 0x0000000086500000, 0x0000000086500000|100%|HS|  |TAMS 0x0000000086400000, 0x0000000086400000| Complete 
| 101|0x0000000086500000, 0x0000000086600000, 0x0000000086600000|100%|HC|  |TAMS 0x0000000086500000, 0x0000000086500000| Complete 
| 102|0x0000000086600000, 0x0000000086700000, 0x0000000086700000|100%|HC|  |TAMS 0x0000000086600000, 0x0000000086600000| Complete 
| 103|0x0000000086700000, 0x0000000086800000, 0x0000000086800000|100%|HS|  |TAMS 0x0000000086700000, 0x0000000086700000| Complete 
| 104|0x0000000086800000, 0x0000000086900000, 0x0000000086900000|100%|HC|  |TAMS 0x0000000086800000, 0x0000000086800000| Complete 
| 105|0x0000000086900000, 0x0000000086a00000, 0x0000000086a00000|100%|HC|  |TAMS 0x0000000086900000, 0x0000000086900000| Complete 
| 106|0x0000000086a00000, 0x0000000086a00000, 0x0000000086b00000|  0%| F|  |TAMS 0x0000000086a00000, 0x0000000086a00000| Untracked 
| 107|0x0000000086b00000, 0x0000000086b00000, 0x0000000086c00000|  0%| F|  |TAMS 0x0000000086b00000, 0x0000000086b00000| Untracked 
| 108|0x0000000086c00000, 0x0000000086c00000, 0x0000000086d00000|  0%| F|  |TAMS 0x0000000086c00000, 0x0000000086c00000| Untracked 
| 109|0x0000000086d00000, 0x0000000086d00000, 0x0000000086e00000|  0%| F|  |TAMS 0x0000000086d00000, 0x0000000086d00000| Untracked 
| 110|0x0000000086e00000, 0x0000000086e00000, 0x0000000086f00000|  0%| F|  |TAMS 0x0000000086e00000, 0x0000000086e00000| Untracked 
| 111|0x0000000086f00000, 0x0000000086f00000, 0x0000000087000000|  0%| F|  |TAMS 0x0000000086f00000, 0x0000000086f00000| Untracked 
| 112|0x0000000087000000, 0x0000000087000000, 0x0000000087100000|  0%| F|  |TAMS 0x0000000087000000, 0x0000000087000000| Untracked 
| 113|0x0000000087100000, 0x0000000087100000, 0x0000000087200000|  0%| F|  |TAMS 0x0000000087100000, 0x0000000087100000| Untracked 
| 114|0x0000000087200000, 0x0000000087200000, 0x0000000087300000|  0%| F|  |TAMS 0x0000000087200000, 0x0000000087200000| Untracked 
| 115|0x0000000087300000, 0x0000000087300000, 0x0000000087400000|  0%| F|  |TAMS 0x0000000087300000, 0x0000000087300000| Untracked 
| 116|0x0000000087400000, 0x0000000087400000, 0x0000000087500000|  0%| F|  |TAMS 0x0000000087400000, 0x0000000087400000| Untracked 
| 117|0x0000000087500000, 0x0000000087500000, 0x0000000087600000|  0%| F|  |TAMS 0x0000000087500000, 0x0000000087500000| Untracked 
| 118|0x0000000087600000, 0x0000000087600000, 0x0000000087700000|  0%| F|  |TAMS 0x0000000087600000, 0x0000000087600000| Untracked 
| 119|0x0000000087700000, 0x0000000087700000, 0x0000000087800000|  0%| F|  |TAMS 0x0000000087700000, 0x0000000087700000| Untracked 
| 120|0x0000000087800000, 0x0000000087800000, 0x0000000087900000|  0%| F|  |TAMS 0x0000000087800000, 0x0000000087800000| Untracked 
| 121|0x0000000087900000, 0x0000000087900000, 0x0000000087a00000|  0%| F|  |TAMS 0x0000000087900000, 0x0000000087900000| Untracked 
| 122|0x0000000087a00000, 0x0000000087a00000, 0x0000000087b00000|  0%| F|  |TAMS 0x0000000087a00000, 0x0000000087a00000| Untracked 
| 123|0x0000000087b00000, 0x0000000087b00000, 0x0000000087c00000|  0%| F|  |TAMS 0x0000000087b00000, 0x0000000087b00000| Untracked 
| 124|0x0000000087c00000, 0x0000000087c00000, 0x0000000087d00000|  0%| F|  |TAMS 0x0000000087c00000, 0x0000000087c00000| Untracked 
| 125|0x0000000087d00000, 0x0000000087d00000, 0x0000000087e00000|  0%| F|  |TAMS 0x0000000087d00000, 0x0000000087d00000| Untracked 
| 126|0x0000000087e00000, 0x0000000087e00000, 0x0000000087f00000|  0%| F|  |TAMS 0x0000000087e00000, 0x0000000087e00000| Untracked 
| 127|0x0000000087f00000, 0x0000000087f00000, 0x0000000088000000|  0%| F|  |TAMS 0x0000000087f00000, 0x0000000087f00000| Untracked 
| 128|0x0000000088000000, 0x0000000088000000, 0x0000000088100000|  0%| F|  |TAMS 0x0000000088000000, 0x0000000088000000| Untracked 
| 129|0x0000000088100000, 0x0000000088100000, 0x0000000088200000|  0%| F|  |TAMS 0x0000000088100000, 0x0000000088100000| Untracked 
| 130|0x0000000088200000, 0x0000000088200000, 0x0000000088300000|  0%| F|  |TAMS 0x0000000088200000, 0x0000000088200000| Untracked 
| 131|0x0000000088300000, 0x0000000088400000, 0x0000000088400000|100%| S|CS|TAMS 0x0000000088300000, 0x0000000088300000| Complete 
| 132|0x0000000088400000, 0x0000000088500000, 0x0000000088500000|100%| S|CS|TAMS 0x0000000088400000, 0x0000000088400000| Complete 
| 133|0x0000000088500000, 0x0000000088600000, 0x0000000088600000|100%| S|CS|TAMS 0x0000000088500000, 0x0000000088500000| Complete 
| 134|0x0000000088600000, 0x0000000088700000, 0x0000000088700000|100%| S|CS|TAMS 0x0000000088600000, 0x0000000088600000| Complete 
| 135|0x0000000088700000, 0x0000000088700000, 0x0000000088800000|  0%| F|  |TAMS 0x0000000088700000, 0x0000000088700000| Untracked 
| 136|0x0000000088800000, 0x0000000088800000, 0x0000000088900000|  0%| F|  |TAMS 0x0000000088800000, 0x0000000088800000| Untracked 
| 137|0x0000000088900000, 0x0000000088900000, 0x0000000088a00000|  0%| F|  |TAMS 0x0000000088900000, 0x0000000088900000| Untracked 
| 138|0x0000000088a00000, 0x0000000088a00000, 0x0000000088b00000|  0%| F|  |TAMS 0x0000000088a00000, 0x0000000088a00000| Untracked 
| 139|0x0000000088b00000, 0x0000000088b00000, 0x0000000088c00000|  0%| F|  |TAMS 0x0000000088b00000, 0x0000000088b00000| Untracked 
| 140|0x0000000088c00000, 0x0000000088c00000, 0x0000000088d00000|  0%| F|  |TAMS 0x0000000088c00000, 0x0000000088c00000| Untracked 
| 141|0x0000000088d00000, 0x0000000088d00000, 0x0000000088e00000|  0%| F|  |TAMS 0x0000000088d00000, 0x0000000088d00000| Untracked 
| 142|0x0000000088e00000, 0x0000000088e00000, 0x0000000088f00000|  0%| F|  |TAMS 0x0000000088e00000, 0x0000000088e00000| Untracked 
| 143|0x0000000088f00000, 0x0000000088f00000, 0x0000000089000000|  0%| F|  |TAMS 0x0000000088f00000, 0x0000000088f00000| Untracked 
| 144|0x0000000089000000, 0x0000000089000000, 0x0000000089100000|  0%| F|  |TAMS 0x0000000089000000, 0x0000000089000000| Untracked 
| 145|0x0000000089100000, 0x0000000089100000, 0x0000000089200000|  0%| F|  |TAMS 0x0000000089100000, 0x0000000089100000| Untracked 
| 146|0x0000000089200000, 0x0000000089200000, 0x0000000089300000|  0%| F|  |TAMS 0x0000000089200000, 0x0000000089200000| Untracked 
| 147|0x0000000089300000, 0x0000000089300000, 0x0000000089400000|  0%| F|  |TAMS 0x0000000089300000, 0x0000000089300000| Untracked 
| 148|0x0000000089400000, 0x0000000089400000, 0x0000000089500000|  0%| F|  |TAMS 0x0000000089400000, 0x0000000089400000| Untracked 
| 149|0x0000000089500000, 0x0000000089500000, 0x0000000089600000|  0%| F|  |TAMS 0x0000000089500000, 0x0000000089500000| Untracked 
| 150|0x0000000089600000, 0x0000000089600000, 0x0000000089700000|  0%| F|  |TAMS 0x0000000089600000, 0x0000000089600000| Untracked 
| 151|0x0000000089700000, 0x0000000089700000, 0x0000000089800000|  0%| F|  |TAMS 0x0000000089700000, 0x0000000089700000| Untracked 
| 152|0x0000000089800000, 0x0000000089800000, 0x0000000089900000|  0%| F|  |TAMS 0x0000000089800000, 0x0000000089800000| Untracked 
| 153|0x0000000089900000, 0x0000000089900000, 0x0000000089a00000|  0%| F|  |TAMS 0x0000000089900000, 0x0000000089900000| Untracked 
| 154|0x0000000089a00000, 0x0000000089a00000, 0x0000000089b00000|  0%| F|  |TAMS 0x0000000089a00000, 0x0000000089a00000| Untracked 
| 155|0x0000000089b00000, 0x0000000089b00000, 0x0000000089c00000|  0%| F|  |TAMS 0x0000000089b00000, 0x0000000089b00000| Untracked 
| 156|0x0000000089c00000, 0x0000000089c00000, 0x0000000089d00000|  0%| F|  |TAMS 0x0000000089c00000, 0x0000000089c00000| Untracked 
| 157|0x0000000089d00000, 0x0000000089d00000, 0x0000000089e00000|  0%| F|  |TAMS 0x0000000089d00000, 0x0000000089d00000| Untracked 
| 158|0x0000000089e00000, 0x0000000089e00000, 0x0000000089f00000|  0%| F|  |TAMS 0x0000000089e00000, 0x0000000089e00000| Untracked 
| 159|0x0000000089f00000, 0x0000000089f00000, 0x000000008a000000|  0%| F|  |TAMS 0x0000000089f00000, 0x0000000089f00000| Untracked 
| 160|0x000000008a000000, 0x000000008a000000, 0x000000008a100000|  0%| F|  |TAMS 0x000000008a000000, 0x000000008a000000| Untracked 
| 161|0x000000008a100000, 0x000000008a100000, 0x000000008a200000|  0%| F|  |TAMS 0x000000008a100000, 0x000000008a100000| Untracked 
| 162|0x000000008a200000, 0x000000008a200000, 0x000000008a300000|  0%| F|  |TAMS 0x000000008a200000, 0x000000008a200000| Untracked 
| 163|0x000000008a300000, 0x000000008a300000, 0x000000008a400000|  0%| F|  |TAMS 0x000000008a300000, 0x000000008a300000| Untracked 
| 164|0x000000008a400000, 0x000000008a400000, 0x000000008a500000|  0%| F|  |TAMS 0x000000008a400000, 0x000000008a400000| Untracked 
| 165|0x000000008a500000, 0x000000008a500000, 0x000000008a600000|  0%| F|  |TAMS 0x000000008a500000, 0x000000008a500000| Untracked 
| 166|0x000000008a600000, 0x000000008a600000, 0x000000008a700000|  0%| F|  |TAMS 0x000000008a600000, 0x000000008a600000| Untracked 
| 167|0x000000008a700000, 0x000000008a700000, 0x000000008a800000|  0%| F|  |TAMS 0x000000008a700000, 0x000000008a700000| Untracked 
| 168|0x000000008a800000, 0x000000008a800000, 0x000000008a900000|  0%| F|  |TAMS 0x000000008a800000, 0x000000008a800000| Untracked 
| 169|0x000000008a900000, 0x000000008a900000, 0x000000008aa00000|  0%| F|  |TAMS 0x000000008a900000, 0x000000008a900000| Untracked 
| 170|0x000000008aa00000, 0x000000008aa00000, 0x000000008ab00000|  0%| F|  |TAMS 0x000000008aa00000, 0x000000008aa00000| Untracked 
| 171|0x000000008ab00000, 0x000000008ab00000, 0x000000008ac00000|  0%| F|  |TAMS 0x000000008ab00000, 0x000000008ab00000| Untracked 
| 172|0x000000008ac00000, 0x000000008ac00000, 0x000000008ad00000|  0%| F|  |TAMS 0x000000008ac00000, 0x000000008ac00000| Untracked 
| 173|0x000000008ad00000, 0x000000008ad00000, 0x000000008ae00000|  0%| F|  |TAMS 0x000000008ad00000, 0x000000008ad00000| Untracked 
| 174|0x000000008ae00000, 0x000000008ae00000, 0x000000008af00000|  0%| F|  |TAMS 0x000000008ae00000, 0x000000008ae00000| Untracked 
| 175|0x000000008af00000, 0x000000008af00000, 0x000000008b000000|  0%| F|  |TAMS 0x000000008af00000, 0x000000008af00000| Untracked 
| 176|0x000000008b000000, 0x000000008b000000, 0x000000008b100000|  0%| F|  |TAMS 0x000000008b000000, 0x000000008b000000| Untracked 
| 177|0x000000008b100000, 0x000000008b100000, 0x000000008b200000|  0%| F|  |TAMS 0x000000008b100000, 0x000000008b100000| Untracked 
| 178|0x000000008b200000, 0x000000008b200000, 0x000000008b300000|  0%| F|  |TAMS 0x000000008b200000, 0x000000008b200000| Untracked 
| 179|0x000000008b300000, 0x000000008b300000, 0x000000008b400000|  0%| F|  |TAMS 0x000000008b300000, 0x000000008b300000| Untracked 
| 180|0x000000008b400000, 0x000000008b400000, 0x000000008b500000|  0%| F|  |TAMS 0x000000008b400000, 0x000000008b400000| Untracked 
| 181|0x000000008b500000, 0x000000008b500000, 0x000000008b600000|  0%| F|  |TAMS 0x000000008b500000, 0x000000008b500000| Untracked 
| 182|0x000000008b600000, 0x000000008b600000, 0x000000008b700000|  0%| F|  |TAMS 0x000000008b600000, 0x000000008b600000| Untracked 
| 183|0x000000008b700000, 0x000000008b700000, 0x000000008b800000|  0%| F|  |TAMS 0x000000008b700000, 0x000000008b700000| Untracked 
| 184|0x000000008b800000, 0x000000008b800000, 0x000000008b900000|  0%| F|  |TAMS 0x000000008b800000, 0x000000008b800000| Untracked 
| 185|0x000000008b900000, 0x000000008b900000, 0x000000008ba00000|  0%| F|  |TAMS 0x000000008b900000, 0x000000008b900000| Untracked 
| 186|0x000000008ba00000, 0x000000008ba00000, 0x000000008bb00000|  0%| F|  |TAMS 0x000000008ba00000, 0x000000008ba00000| Untracked 
| 187|0x000000008bb00000, 0x000000008bb00000, 0x000000008bc00000|  0%| F|  |TAMS 0x000000008bb00000, 0x000000008bb00000| Untracked 
| 188|0x000000008bc00000, 0x000000008bc00000, 0x000000008bd00000|  0%| F|  |TAMS 0x000000008bc00000, 0x000000008bc00000| Untracked 
| 189|0x000000008bd00000, 0x000000008bd00000, 0x000000008be00000|  0%| F|  |TAMS 0x000000008bd00000, 0x000000008bd00000| Untracked 
| 190|0x000000008be00000, 0x000000008be00000, 0x000000008bf00000|  0%| F|  |TAMS 0x000000008be00000, 0x000000008be00000| Untracked 
| 191|0x000000008bf00000, 0x000000008bf00000, 0x000000008c000000|  0%| F|  |TAMS 0x000000008bf00000, 0x000000008bf00000| Untracked 
| 192|0x000000008c000000, 0x000000008c000000, 0x000000008c100000|  0%| F|  |TAMS 0x000000008c000000, 0x000000008c000000| Untracked 
| 193|0x000000008c100000, 0x000000008c100000, 0x000000008c200000|  0%| F|  |TAMS 0x000000008c100000, 0x000000008c100000| Untracked 
| 194|0x000000008c200000, 0x000000008c200000, 0x000000008c300000|  0%| F|  |TAMS 0x000000008c200000, 0x000000008c200000| Untracked 
| 195|0x000000008c300000, 0x000000008c300000, 0x000000008c400000|  0%| F|  |TAMS 0x000000008c300000, 0x000000008c300000| Untracked 
| 196|0x000000008c400000, 0x000000008c400000, 0x000000008c500000|  0%| F|  |TAMS 0x000000008c400000, 0x000000008c400000| Untracked 
| 197|0x000000008c500000, 0x000000008c500000, 0x000000008c600000|  0%| F|  |TAMS 0x000000008c500000, 0x000000008c500000| Untracked 
| 198|0x000000008c600000, 0x000000008c600000, 0x000000008c700000|  0%| F|  |TAMS 0x000000008c600000, 0x000000008c600000| Untracked 
| 199|0x000000008c700000, 0x000000008c700000, 0x000000008c800000|  0%| F|  |TAMS 0x000000008c700000, 0x000000008c700000| Untracked 
| 200|0x000000008c800000, 0x000000008c800000, 0x000000008c900000|  0%| F|  |TAMS 0x000000008c800000, 0x000000008c800000| Untracked 
| 201|0x000000008c900000, 0x000000008c900000, 0x000000008ca00000|  0%| F|  |TAMS 0x000000008c900000, 0x000000008c900000| Untracked 
| 202|0x000000008ca00000, 0x000000008ca00000, 0x000000008cb00000|  0%| F|  |TAMS 0x000000008ca00000, 0x000000008ca00000| Untracked 
| 203|0x000000008cb00000, 0x000000008cb00000, 0x000000008cc00000|  0%| F|  |TAMS 0x000000008cb00000, 0x000000008cb00000| Untracked 
| 204|0x000000008cc00000, 0x000000008cc00000, 0x000000008cd00000|  0%| F|  |TAMS 0x000000008cc00000, 0x000000008cc00000| Untracked 
| 205|0x000000008cd00000, 0x000000008cd00000, 0x000000008ce00000|  0%| F|  |TAMS 0x000000008cd00000, 0x000000008cd00000| Untracked 
| 206|0x000000008ce00000, 0x000000008ce00000, 0x000000008cf00000|  0%| F|  |TAMS 0x000000008ce00000, 0x000000008ce00000| Untracked 
| 207|0x000000008cf00000, 0x000000008cf00000, 0x000000008d000000|  0%| F|  |TAMS 0x000000008cf00000, 0x000000008cf00000| Untracked 
| 208|0x000000008d000000, 0x000000008d000000, 0x000000008d100000|  0%| F|  |TAMS 0x000000008d000000, 0x000000008d000000| Untracked 
| 209|0x000000008d100000, 0x000000008d100000, 0x000000008d200000|  0%| F|  |TAMS 0x000000008d100000, 0x000000008d100000| Untracked 
| 210|0x000000008d200000, 0x000000008d200000, 0x000000008d300000|  0%| F|  |TAMS 0x000000008d200000, 0x000000008d200000| Untracked 
| 211|0x000000008d300000, 0x000000008d300000, 0x000000008d400000|  0%| F|  |TAMS 0x000000008d300000, 0x000000008d300000| Untracked 
| 212|0x000000008d400000, 0x000000008d400000, 0x000000008d500000|  0%| F|  |TAMS 0x000000008d400000, 0x000000008d400000| Untracked 
| 213|0x000000008d500000, 0x000000008d500000, 0x000000008d600000|  0%| F|  |TAMS 0x000000008d500000, 0x000000008d500000| Untracked 
| 214|0x000000008d600000, 0x000000008d600000, 0x000000008d700000|  0%| F|  |TAMS 0x000000008d600000, 0x000000008d600000| Untracked 
| 215|0x000000008d700000, 0x000000008d75bd78, 0x000000008d800000| 35%| E|  |TAMS 0x000000008d700000, 0x000000008d700000| Complete 
| 216|0x000000008d800000, 0x000000008d900000, 0x000000008d900000|100%| E|CS|TAMS 0x000000008d800000, 0x000000008d800000| Complete 
| 217|0x000000008d900000, 0x000000008da00000, 0x000000008da00000|100%| E|CS|TAMS 0x000000008d900000, 0x000000008d900000| Complete 
| 218|0x000000008da00000, 0x000000008db00000, 0x000000008db00000|100%| E|CS|TAMS 0x000000008da00000, 0x000000008da00000| Complete 
| 219|0x000000008db00000, 0x000000008dc00000, 0x000000008dc00000|100%| E|CS|TAMS 0x000000008db00000, 0x000000008db00000| Complete 
| 220|0x000000008dc00000, 0x000000008dd00000, 0x000000008dd00000|100%| E|CS|TAMS 0x000000008dc00000, 0x000000008dc00000| Complete 
| 221|0x000000008dd00000, 0x000000008de00000, 0x000000008de00000|100%| E|CS|TAMS 0x000000008dd00000, 0x000000008dd00000| Complete 
| 222|0x000000008de00000, 0x000000008df00000, 0x000000008df00000|100%| E|CS|TAMS 0x000000008de00000, 0x000000008de00000| Complete 
| 223|0x000000008df00000, 0x000000008e000000, 0x000000008e000000|100%| E|  |TAMS 0x000000008df00000, 0x000000008df00000| Complete 
| 224|0x000000008e000000, 0x000000008e100000, 0x000000008e100000|100%| E|CS|TAMS 0x000000008e000000, 0x000000008e000000| Complete 
| 225|0x000000008e100000, 0x000000008e200000, 0x000000008e200000|100%| E|CS|TAMS 0x000000008e100000, 0x000000008e100000| Complete 
| 226|0x000000008e200000, 0x000000008e300000, 0x000000008e300000|100%| E|CS|TAMS 0x000000008e200000, 0x000000008e200000| Complete 
| 227|0x000000008e300000, 0x000000008e400000, 0x000000008e400000|100%| E|CS|TAMS 0x000000008e300000, 0x000000008e300000| Complete 
| 228|0x000000008e400000, 0x000000008e500000, 0x000000008e500000|100%| E|CS|TAMS 0x000000008e400000, 0x000000008e400000| Complete 
| 229|0x000000008e500000, 0x000000008e600000, 0x000000008e600000|100%| E|CS|TAMS 0x000000008e500000, 0x000000008e500000| Complete 
| 230|0x000000008e600000, 0x000000008e700000, 0x000000008e700000|100%| E|CS|TAMS 0x000000008e600000, 0x000000008e600000| Complete 
| 231|0x000000008e700000, 0x000000008e800000, 0x000000008e800000|100%| E|CS|TAMS 0x000000008e700000, 0x000000008e700000| Complete 
| 232|0x000000008e800000, 0x000000008e900000, 0x000000008e900000|100%| E|CS|TAMS 0x000000008e800000, 0x000000008e800000| Complete 
| 233|0x000000008e900000, 0x000000008ea00000, 0x000000008ea00000|100%| E|CS|TAMS 0x000000008e900000, 0x000000008e900000| Complete 
| 234|0x000000008ea00000, 0x000000008eb00000, 0x000000008eb00000|100%| E|CS|TAMS 0x000000008ea00000, 0x000000008ea00000| Complete 
| 235|0x000000008eb00000, 0x000000008ec00000, 0x000000008ec00000|100%| E|CS|TAMS 0x000000008eb00000, 0x000000008eb00000| Complete 
| 236|0x000000008ec00000, 0x000000008ed00000, 0x000000008ed00000|100%| E|CS|TAMS 0x000000008ec00000, 0x000000008ec00000| Complete 
| 237|0x000000008ed00000, 0x000000008ee00000, 0x000000008ee00000|100%| E|CS|TAMS 0x000000008ed00000, 0x000000008ed00000| Complete 
| 238|0x000000008ee00000, 0x000000008ef00000, 0x000000008ef00000|100%| E|CS|TAMS 0x000000008ee00000, 0x000000008ee00000| Complete 
| 239|0x000000008ef00000, 0x000000008f000000, 0x000000008f000000|100%| E|CS|TAMS 0x000000008ef00000, 0x000000008ef00000| Complete 
| 240|0x000000008f000000, 0x000000008f100000, 0x000000008f100000|100%| E|CS|TAMS 0x000000008f000000, 0x000000008f000000| Complete 
| 241|0x000000008f100000, 0x000000008f200000, 0x000000008f200000|100%| E|CS|TAMS 0x000000008f100000, 0x000000008f100000| Complete 
| 242|0x000000008f200000, 0x000000008f300000, 0x000000008f300000|100%| E|CS|TAMS 0x000000008f200000, 0x000000008f200000| Complete 
| 243|0x000000008f300000, 0x000000008f400000, 0x000000008f400000|100%| E|CS|TAMS 0x000000008f300000, 0x000000008f300000| Complete 
| 244|0x000000008f400000, 0x000000008f500000, 0x000000008f500000|100%| E|CS|TAMS 0x000000008f400000, 0x000000008f400000| Complete 
| 245|0x000000008f500000, 0x000000008f600000, 0x000000008f600000|100%| E|CS|TAMS 0x000000008f500000, 0x000000008f500000| Complete 
| 246|0x000000008f600000, 0x000000008f700000, 0x000000008f700000|100%| E|CS|TAMS 0x000000008f600000, 0x000000008f600000| Complete 
| 247|0x000000008f700000, 0x000000008f800000, 0x000000008f800000|100%| E|CS|TAMS 0x000000008f700000, 0x000000008f700000| Complete 
| 248|0x000000008f800000, 0x000000008f900000, 0x000000008f900000|100%| E|CS|TAMS 0x000000008f800000, 0x000000008f800000| Complete 
| 249|0x000000008f900000, 0x000000008fa00000, 0x000000008fa00000|100%| E|CS|TAMS 0x000000008f900000, 0x000000008f900000| Complete 
| 250|0x000000008fa00000, 0x000000008fb00000, 0x000000008fb00000|100%| E|CS|TAMS 0x000000008fa00000, 0x000000008fa00000| Complete 
| 251|0x000000008fb00000, 0x000000008fc00000, 0x000000008fc00000|100%| E|CS|TAMS 0x000000008fb00000, 0x000000008fb00000| Complete 
| 252|0x000000008fc00000, 0x000000008fd00000, 0x000000008fd00000|100%| E|CS|TAMS 0x000000008fc00000, 0x000000008fc00000| Complete 
| 253|0x000000008fd00000, 0x000000008fe00000, 0x000000008fe00000|100%| E|CS|TAMS 0x000000008fd00000, 0x000000008fd00000| Complete 
| 254|0x000000008fe00000, 0x000000008ff00000, 0x000000008ff00000|100%| E|CS|TAMS 0x000000008fe00000, 0x000000008fe00000| Complete 
| 255|0x000000008ff00000, 0x0000000090000000, 0x0000000090000000|100%| E|CS|TAMS 0x000000008ff00000, 0x000000008ff00000| Complete 
| 256|0x0000000090000000, 0x0000000090100000, 0x0000000090100000|100%| E|CS|TAMS 0x0000000090000000, 0x0000000090000000| Complete 
| 257|0x0000000090100000, 0x0000000090200000, 0x0000000090200000|100%| E|CS|TAMS 0x0000000090100000, 0x0000000090100000| Complete 
| 258|0x0000000090200000, 0x0000000090300000, 0x0000000090300000|100%| E|CS|TAMS 0x0000000090200000, 0x0000000090200000| Complete 
| 259|0x0000000090300000, 0x0000000090400000, 0x0000000090400000|100%| E|CS|TAMS 0x0000000090300000, 0x0000000090300000| Complete 
| 260|0x0000000090400000, 0x0000000090500000, 0x0000000090500000|100%| E|CS|TAMS 0x0000000090400000, 0x0000000090400000| Complete 
| 261|0x0000000090500000, 0x0000000090600000, 0x0000000090600000|100%| E|CS|TAMS 0x0000000090500000, 0x0000000090500000| Complete 
| 262|0x0000000090600000, 0x0000000090700000, 0x0000000090700000|100%| E|CS|TAMS 0x0000000090600000, 0x0000000090600000| Complete 
| 263|0x0000000090700000, 0x0000000090800000, 0x0000000090800000|100%| E|CS|TAMS 0x0000000090700000, 0x0000000090700000| Complete 
| 264|0x0000000090800000, 0x0000000090900000, 0x0000000090900000|100%| E|CS|TAMS 0x0000000090800000, 0x0000000090800000| Complete 
| 265|0x0000000090900000, 0x0000000090a00000, 0x0000000090a00000|100%| E|CS|TAMS 0x0000000090900000, 0x0000000090900000| Complete 
| 266|0x0000000090a00000, 0x0000000090b00000, 0x0000000090b00000|100%| E|CS|TAMS 0x0000000090a00000, 0x0000000090a00000| Complete 
| 267|0x0000000090b00000, 0x0000000090c00000, 0x0000000090c00000|100%| E|CS|TAMS 0x0000000090b00000, 0x0000000090b00000| Complete 
| 268|0x0000000090c00000, 0x0000000090d00000, 0x0000000090d00000|100%| E|CS|TAMS 0x0000000090c00000, 0x0000000090c00000| Complete 
| 269|0x0000000090d00000, 0x0000000090e00000, 0x0000000090e00000|100%| E|CS|TAMS 0x0000000090d00000, 0x0000000090d00000| Complete 
| 270|0x0000000090e00000, 0x0000000090f00000, 0x0000000090f00000|100%| E|CS|TAMS 0x0000000090e00000, 0x0000000090e00000| Complete 
| 271|0x0000000090f00000, 0x0000000091000000, 0x0000000091000000|100%| E|CS|TAMS 0x0000000090f00000, 0x0000000090f00000| Complete 
| 272|0x0000000091000000, 0x0000000091100000, 0x0000000091100000|100%| E|CS|TAMS 0x0000000091000000, 0x0000000091000000| Complete 
| 273|0x0000000091100000, 0x0000000091200000, 0x0000000091200000|100%| E|CS|TAMS 0x0000000091100000, 0x0000000091100000| Complete 
| 274|0x0000000091200000, 0x0000000091300000, 0x0000000091300000|100%| E|CS|TAMS 0x0000000091200000, 0x0000000091200000| Complete 
| 275|0x0000000091300000, 0x0000000091400000, 0x0000000091400000|100%| E|CS|TAMS 0x0000000091300000, 0x0000000091300000| Complete 
| 276|0x0000000091400000, 0x0000000091500000, 0x0000000091500000|100%| E|CS|TAMS 0x0000000091400000, 0x0000000091400000| Complete 
| 277|0x0000000091500000, 0x0000000091600000, 0x0000000091600000|100%| E|CS|TAMS 0x0000000091500000, 0x0000000091500000| Complete 
| 278|0x0000000091600000, 0x0000000091700000, 0x0000000091700000|100%| E|CS|TAMS 0x0000000091600000, 0x0000000091600000| Complete 
| 279|0x0000000091700000, 0x0000000091800000, 0x0000000091800000|100%| E|CS|TAMS 0x0000000091700000, 0x0000000091700000| Complete 
| 280|0x0000000091800000, 0x0000000091900000, 0x0000000091900000|100%| E|CS|TAMS 0x0000000091800000, 0x0000000091800000| Complete 
| 281|0x0000000091900000, 0x0000000091a00000, 0x0000000091a00000|100%| E|CS|TAMS 0x0000000091900000, 0x0000000091900000| Complete 
| 282|0x0000000091a00000, 0x0000000091b00000, 0x0000000091b00000|100%| E|CS|TAMS 0x0000000091a00000, 0x0000000091a00000| Complete 
| 283|0x0000000091b00000, 0x0000000091c00000, 0x0000000091c00000|100%| E|CS|TAMS 0x0000000091b00000, 0x0000000091b00000| Complete 
| 284|0x0000000091c00000, 0x0000000091d00000, 0x0000000091d00000|100%| E|CS|TAMS 0x0000000091c00000, 0x0000000091c00000| Complete 
| 285|0x0000000091d00000, 0x0000000091e00000, 0x0000000091e00000|100%| E|CS|TAMS 0x0000000091d00000, 0x0000000091d00000| Complete 
| 286|0x0000000091e00000, 0x0000000091f00000, 0x0000000091f00000|100%| E|CS|TAMS 0x0000000091e00000, 0x0000000091e00000| Complete 
| 287|0x0000000091f00000, 0x0000000092000000, 0x0000000092000000|100%| E|CS|TAMS 0x0000000091f00000, 0x0000000091f00000| Complete 
| 288|0x0000000092000000, 0x0000000092100000, 0x0000000092100000|100%| E|CS|TAMS 0x0000000092000000, 0x0000000092000000| Complete 
| 289|0x0000000092100000, 0x0000000092200000, 0x0000000092200000|100%| E|CS|TAMS 0x0000000092100000, 0x0000000092100000| Complete 
| 290|0x0000000092200000, 0x0000000092300000, 0x0000000092300000|100%| E|CS|TAMS 0x0000000092200000, 0x0000000092200000| Complete 
| 291|0x0000000092300000, 0x0000000092400000, 0x0000000092400000|100%| E|CS|TAMS 0x0000000092300000, 0x0000000092300000| Complete 
| 292|0x0000000092400000, 0x0000000092500000, 0x0000000092500000|100%| E|CS|TAMS 0x0000000092400000, 0x0000000092400000| Complete 
| 293|0x0000000092500000, 0x0000000092600000, 0x0000000092600000|100%| E|CS|TAMS 0x0000000092500000, 0x0000000092500000| Complete 
| 294|0x0000000092600000, 0x0000000092700000, 0x0000000092700000|100%| E|CS|TAMS 0x0000000092600000, 0x0000000092600000| Complete 
| 295|0x0000000092700000, 0x0000000092800000, 0x0000000092800000|100%| E|CS|TAMS 0x0000000092700000, 0x0000000092700000| Complete 
| 296|0x0000000092800000, 0x0000000092900000, 0x0000000092900000|100%| E|CS|TAMS 0x0000000092800000, 0x0000000092800000| Complete 
| 297|0x0000000092900000, 0x0000000092a00000, 0x0000000092a00000|100%| E|CS|TAMS 0x0000000092900000, 0x0000000092900000| Complete 
| 298|0x0000000092a00000, 0x0000000092b00000, 0x0000000092b00000|100%| E|CS|TAMS 0x0000000092a00000, 0x0000000092a00000| Complete 
| 299|0x0000000092b00000, 0x0000000092c00000, 0x0000000092c00000|100%| E|CS|TAMS 0x0000000092b00000, 0x0000000092b00000| Complete 
| 300|0x0000000092c00000, 0x0000000092d00000, 0x0000000092d00000|100%| E|CS|TAMS 0x0000000092c00000, 0x0000000092c00000| Complete 
| 301|0x0000000092d00000, 0x0000000092e00000, 0x0000000092e00000|100%| E|CS|TAMS 0x0000000092d00000, 0x0000000092d00000| Complete 

Card table byte_map: [0x000001a6b7b40000,0x000001a6b7f40000] _byte_map_base: 0x000001a6b7740000

Marking Bits (Prev, Next): (CMBitMap*) 0x000001a6a4c54538, (CMBitMap*) 0x000001a6a4c54570
 Prev Bits: [0x000001a6b8340000, 0x000001a6ba340000)
 Next Bits: [0x000001a6ba340000, 0x000001a6bc340000)

Polling page: 0x000001a6a2ae0000

Metaspace:

Usage:
  Non-class:     39.10 MB capacity,    38.39 MB ( 98%) used,   600.51 KB (  1%) free+waste,   118.81 KB ( <1%) overhead. 
      Class:      6.04 MB capacity,     5.59 MB ( 93%) used,   400.69 KB (  6%) free+waste,    57.56 KB ( <1%) overhead. 
       Both:     45.13 MB capacity,    43.98 MB ( 97%) used,  1001.20 KB (  2%) free+waste,   176.38 KB ( <1%) overhead. 

Virtual space:
  Non-class space:       40.00 MB reserved,      39.17 MB ( 98%) committed 
      Class space:        1.00 GB reserved,       6.12 MB ( <1%) committed 
             Both:        1.04 GB reserved,      45.30 MB (  4%) committed 

Chunk freelists:
   Non-Class:  14.00 KB
       Class:  0 bytes
        Both:  14.00 KB

MaxMetaspaceSize: 17179869184.00 GB
CompressedClassSpaceSize: 1.00 GB
Initial GC threshold: 20.80 MB
Current GC threshold: 74.87 MB
CDS: off

CodeHeap 'non-profiled nmethods': size=120064Kb used=4398Kb max_used=4398Kb free=115665Kb
 bounds [0x000001a6b0200000, 0x000001a6b0650000, 0x000001a6b7740000]
CodeHeap 'profiled nmethods': size=120000Kb used=11599Kb max_used=11599Kb free=108400Kb
 bounds [0x000001a6a8cd0000, 0x000001a6a9830000, 0x000001a6b0200000]
CodeHeap 'non-nmethods': size=5696Kb used=2290Kb max_used=2356Kb free=3405Kb
 bounds [0x000001a6a8740000, 0x000001a6a89b0000, 0x000001a6a8cd0000]
 total_blobs=5700 nmethods=4913 adapters=699
 compilation: enabled
              stopped_count=0, restarted_count=0
 full_count=0

Compilation events (20 events):
Event: 43.751 Thread 0x000001a6be84f000 4912       3       org.objectweb.asm.ClassReader::readElementValue (1237 bytes)
Event: 43.757 Thread 0x000001a6be84f000 nmethod 4912 0x000001a6a97fe790 code [0x000001a6a97fef60, 0x000001a6a9803e68]
Event: 43.765 Thread 0x000001a6be84f000 4914       2       com.google.common.cache.LocalCache::recordsWrite (20 bytes)
Event: 43.766 Thread 0x000001a6be84f000 nmethod 4914 0x000001a6a9805f90 code [0x000001a6a9806140, 0x000001a6a98062b8]
Event: 43.794 Thread 0x000001a6be84f000 4915 % !   3       org.gradle.internal.classpath.InstrumentingClasspathFileTransformer::isSignedJar @ 21 (145 bytes)
Event: 43.795 Thread 0x000001a6be84f000 nmethod 4915% 0x000001a6a9806390 code [0x000001a6a98066a0, 0x000001a6a98077c8]
Event: 43.795 Thread 0x000001a6be84f000 4916   !   3       org.gradle.internal.classpath.InstrumentingClasspathFileTransformer::isSignedJar (145 bytes)
Event: 43.797 Thread 0x000001a6be84f000 nmethod 4916 0x000001a6a9808190 code [0x000001a6a98084a0, 0x000001a6a9809508]
Event: 43.810 Thread 0x000001a6be84f000 4917       2       org.objectweb.asm.Type::getClassName (173 bytes)
Event: 43.812 Thread 0x000001a6be84f000 nmethod 4917 0x000001a6a9809e10 code [0x000001a6a980a0c0, 0x000001a6a980aa18]
Event: 43.823 Thread 0x000001a6be84f000 4918       2       java.util.HashSet::remove (20 bytes)
Event: 43.823 Thread 0x000001a6be84f000 nmethod 4918 0x000001a6a980af90 code [0x000001a6a980b140, 0x000001a6a980b288]
Event: 43.825 Thread 0x000001a6be84f000 4919       1       org.gradle.cache.internal.filelock.LockOptionsBuilder::getMode (5 bytes)
Event: 43.825 Thread 0x000001a6be84f000 nmethod 4919 0x000001a6b060e590 code [0x000001a6b060e740, 0x000001a6b060e7f8]
Event: 43.836 Thread 0x000001a6c6c22000 nmethod 4844 0x000001a6b060e890 code [0x000001a6b060ef20, 0x000001a6b0617718]
Event: 43.836 Thread 0x000001a6c6c22000 4909       4       org.objectweb.asm.ClassReader::accept (1412 bytes)
Event: 43.841 Thread 0x000001a6be84f000 4921       2       org.objectweb.asm.MethodVisitor::visitParameterAnnotation (20 bytes)
Event: 43.842 Thread 0x000001a6be84f000 nmethod 4921 0x000001a6a980b310 code [0x000001a6a980b4c0, 0x000001a6a980b608]
Event: 43.853 Thread 0x000001a6be84f000 4922       1       org.gradle.cache.internal.btree.BlockPayload::setBlock (6 bytes)
Event: 43.853 Thread 0x000001a6be84f000 nmethod 4922 0x000001a6b061d510 code [0x000001a6b061d6c0, 0x000001a6b061d7b8]

GC Heap History (20 events):
Event: 38.403 GC heap before
{Heap before GC invocations=42 (full 0):
 garbage-first heap   total 189440K, used 149460K [0x0000000080000000, 0x0000000100000000)
  region size 1024K, 66 young (67584K), 2 survivors (2048K)
 Metaspace       used 44832K, capacity 45912K, committed 46000K, reserved 1089536K
  class space    used 5694K, capacity 6129K, committed 6144K, reserved 1048576K
}
Event: 38.406 GC heap after
{Heap after GC invocations=43 (full 0):
 garbage-first heap   total 189440K, used 83832K [0x0000000080000000, 0x0000000100000000)
  region size 1024K, 2 young (2048K), 2 survivors (2048K)
 Metaspace       used 44832K, capacity 45912K, committed 46000K, reserved 1089536K
  class space    used 5694K, capacity 6129K, committed 6144K, reserved 1048576K
}
Event: 38.688 GC heap before
{Heap before GC invocations=43 (full 0):
 garbage-first heap   total 189440K, used 150392K [0x0000000080000000, 0x0000000100000000)
  region size 1024K, 67 young (68608K), 2 survivors (2048K)
 Metaspace       used 44832K, capacity 45912K, committed 46000K, reserved 1089536K
  class space    used 5694K, capacity 6129K, committed 6144K, reserved 1048576K
}
Event: 38.690 GC heap after
{Heap after GC invocations=44 (full 0):
 garbage-first heap   total 189440K, used 83875K [0x0000000080000000, 0x0000000100000000)
  region size 1024K, 2 young (2048K), 2 survivors (2048K)
 Metaspace       used 44832K, capacity 45912K, committed 46000K, reserved 1089536K
  class space    used 5694K, capacity 6129K, committed 6144K, reserved 1048576K
}
Event: 38.899 GC heap before
{Heap before GC invocations=44 (full 0):
 garbage-first heap   total 189440K, used 152483K [0x0000000080000000, 0x0000000100000000)
  region size 1024K, 69 young (70656K), 2 survivors (2048K)
 Metaspace       used 44832K, capacity 45912K, committed 46000K, reserved 1089536K
  class space    used 5694K, capacity 6129K, committed 6144K, reserved 1048576K
}
Event: 38.904 GC heap after
{Heap after GC invocations=45 (full 0):
 garbage-first heap   total 189440K, used 84488K [0x0000000080000000, 0x0000000100000000)
  region size 1024K, 3 young (3072K), 3 survivors (3072K)
 Metaspace       used 44832K, capacity 45912K, committed 46000K, reserved 1089536K
  class space    used 5694K, capacity 6129K, committed 6144K, reserved 1048576K
}
Event: 39.116 GC heap before
{Heap before GC invocations=45 (full 0):
 garbage-first heap   total 189440K, used 154120K [0x0000000080000000, 0x0000000100000000)
  region size 1024K, 71 young (72704K), 3 survivors (3072K)
 Metaspace       used 44832K, capacity 45912K, committed 46000K, reserved 1089536K
  class space    used 5694K, capacity 6129K, committed 6144K, reserved 1048576K
}
Event: 39.124 GC heap after
{Heap after GC invocations=46 (full 0):
 garbage-first heap   total 257024K, used 85262K [0x0000000080000000, 0x0000000100000000)
  region size 1024K, 4 young (4096K), 4 survivors (4096K)
 Metaspace       used 44832K, capacity 45912K, committed 46000K, reserved 1089536K
  class space    used 5694K, capacity 6129K, committed 6144K, reserved 1048576K
}
Event: 39.482 GC heap before
{Heap before GC invocations=46 (full 0):
 garbage-first heap   total 257024K, used 180494K [0x0000000080000000, 0x0000000100000000)
  region size 1024K, 97 young (99328K), 4 survivors (4096K)
 Metaspace       used 44835K, capacity 45912K, committed 46000K, reserved 1089536K
  class space    used 5694K, capacity 6129K, committed 6144K, reserved 1048576K
}
Event: 39.488 GC heap after
{Heap after GC invocations=47 (full 0):
 garbage-first heap   total 257024K, used 85830K [0x0000000080000000, 0x0000000100000000)
  region size 1024K, 4 young (4096K), 4 survivors (4096K)
 Metaspace       used 44835K, capacity 45912K, committed 46000K, reserved 1089536K
  class space    used 5694K, capacity 6129K, committed 6144K, reserved 1048576K
}
Event: 39.908 GC heap before
{Heap before GC invocations=47 (full 0):
 garbage-first heap   total 257024K, used 211782K [0x0000000080000000, 0x0000000100000000)
  region size 1024K, 127 young (130048K), 4 survivors (4096K)
 Metaspace       used 44835K, capacity 45912K, committed 46000K, reserved 1089536K
  class space    used 5694K, capacity 6129K, committed 6144K, reserved 1048576K
}
Event: 39.915 GC heap after
{Heap after GC invocations=48 (full 0):
 garbage-first heap   total 257024K, used 86830K [0x0000000080000000, 0x0000000100000000)
  region size 1024K, 5 young (5120K), 5 survivors (5120K)
 Metaspace       used 44835K, capacity 45912K, committed 46000K, reserved 1089536K
  class space    used 5694K, capacity 6129K, committed 6144K, reserved 1048576K
}
Event: 40.308 GC heap before
{Heap before GC invocations=48 (full 0):
 garbage-first heap   total 257024K, used 212782K [0x0000000080000000, 0x0000000100000000)
  region size 1024K, 128 young (131072K), 5 survivors (5120K)
 Metaspace       used 44835K, capacity 45912K, committed 46000K, reserved 1089536K
  class space    used 5694K, capacity 6129K, committed 6144K, reserved 1048576K
}
Event: 40.319 GC heap after
{Heap after GC invocations=49 (full 0):
 garbage-first heap   total 257024K, used 87635K [0x0000000080000000, 0x0000000100000000)
  region size 1024K, 6 young (6144K), 6 survivors (6144K)
 Metaspace       used 44835K, capacity 45912K, committed 46000K, reserved 1089536K
  class space    used 5694K, capacity 6129K, committed 6144K, reserved 1048576K
}
Event: 40.734 GC heap before
{Heap before GC invocations=49 (full 0):
 garbage-first heap   total 257024K, used 213587K [0x0000000080000000, 0x0000000100000000)
  region size 1024K, 129 young (132096K), 6 survivors (6144K)
 Metaspace       used 44835K, capacity 45912K, committed 46000K, reserved 1089536K
  class space    used 5694K, capacity 6129K, committed 6144K, reserved 1048576K
}
Event: 40.742 GC heap after
{Heap after GC invocations=50 (full 0):
 garbage-first heap   total 309248K, used 89044K [0x0000000080000000, 0x0000000100000000)
  region size 1024K, 7 young (7168K), 7 survivors (7168K)
 Metaspace       used 44835K, capacity 45912K, committed 46000K, reserved 1089536K
  class space    used 5694K, capacity 6129K, committed 6144K, reserved 1048576K
}
Event: 41.233 GC heap before
{Heap before GC invocations=50 (full 0):
 garbage-first heap   total 309248K, used 235476K [0x0000000080000000, 0x0000000100000000)
  region size 1024K, 148 young (151552K), 7 survivors (7168K)
 Metaspace       used 44845K, capacity 45912K, committed 46000K, reserved 1089536K
  class space    used 5694K, capacity 6129K, committed 6144K, reserved 1048576K
}
Event: 41.241 GC heap after
{Heap after GC invocations=51 (full 0):
 garbage-first heap   total 309248K, used 85872K [0x0000000080000000, 0x0000000100000000)
  region size 1024K, 6 young (6144K), 6 survivors (6144K)
 Metaspace       used 44845K, capacity 45912K, committed 46000K, reserved 1089536K
  class space    used 5694K, capacity 6129K, committed 6144K, reserved 1048576K
}
Event: 43.827 GC heap before
{Heap before GC invocations=51 (full 0):
 garbage-first heap   total 309248K, used 262000K [0x0000000080000000, 0x0000000100000000)
  region size 1024K, 167 young (171008K), 6 survivors (6144K)
 Metaspace       used 45036K, capacity 46214K, committed 46384K, reserved 1089536K
  class space    used 5721K, capacity 6180K, committed 6272K, reserved 1048576K
}
Event: 43.832 GC heap after
{Heap after GC invocations=52 (full 0):
 garbage-first heap   total 309248K, used 91092K [0x0000000080000000, 0x0000000100000000)
  region size 1024K, 4 young (4096K), 4 survivors (4096K)
 Metaspace       used 45036K, capacity 46214K, committed 46384K, reserved 1089536K
  class space    used 5721K, capacity 6180K, committed 6272K, reserved 1048576K
}

Deoptimization events (20 events):
Event: 43.837 Thread 0x000001a6c1b1d000 Uncommon trap: trap_request=0xffffffde fr.pc=0x000001a6b05fdad4 relative=0x00000000000012d4
Event: 43.837 Thread 0x000001a6c1b1d000 Uncommon trap: reason=class_check action=maybe_recompile pc=0x000001a6b05fdad4 method=org.objectweb.asm.MethodVisitor.visitParameterAnnotation(ILjava/lang/String;Z)Lorg/objectweb/asm/AnnotationVisitor; @ 14 c2
Event: 43.837 Thread 0x000001a6c1b1d000 DEOPT PACKING pc=0x000001a6b05fdad4 sp=0x0000003f8cafe2a0
Event: 43.837 Thread 0x000001a6c1b1d000 DEOPT UNPACKING pc=0x000001a6a878a1af sp=0x0000003f8cafe2a8 mode 2
Event: 43.837 Thread 0x000001a6c1b1d000 Uncommon trap: trap_request=0xffffffde fr.pc=0x000001a6b06144dc relative=0x00000000000055bc
Event: 43.837 Thread 0x000001a6c1b1d000 Uncommon trap: reason=class_check action=maybe_recompile pc=0x000001a6b06144dc method=org.objectweb.asm.MethodVisitor.visitAnnotableParameterCount(IZ)V @ 13 c2
Event: 43.837 Thread 0x000001a6c1b1d000 DEOPT PACKING pc=0x000001a6b06144dc sp=0x0000003f8cafe450
Event: 43.837 Thread 0x000001a6c1b1d000 DEOPT UNPACKING pc=0x000001a6a878a1af sp=0x0000003f8cafe2c8 mode 2
Event: 43.837 Thread 0x000001a6c1b1d000 Uncommon trap: trap_request=0xffffffde fr.pc=0x000001a6b05fdad4 relative=0x00000000000012d4
Event: 43.837 Thread 0x000001a6c1b1d000 Uncommon trap: reason=class_check action=maybe_recompile pc=0x000001a6b05fdad4 method=org.objectweb.asm.MethodVisitor.visitParameterAnnotation(ILjava/lang/String;Z)Lorg/objectweb/asm/AnnotationVisitor; @ 14 c2
Event: 43.837 Thread 0x000001a6c1b1d000 DEOPT PACKING pc=0x000001a6b05fdad4 sp=0x0000003f8cafe2a0
Event: 43.837 Thread 0x000001a6c1b1d000 DEOPT UNPACKING pc=0x000001a6a878a1af sp=0x0000003f8cafe2a8 mode 2
Event: 43.837 Thread 0x000001a6c1b1d000 Uncommon trap: trap_request=0xffffffde fr.pc=0x000001a6b05fdad4 relative=0x00000000000012d4
Event: 43.837 Thread 0x000001a6c1b1d000 Uncommon trap: reason=class_check action=maybe_recompile pc=0x000001a6b05fdad4 method=org.objectweb.asm.MethodVisitor.visitParameterAnnotation(ILjava/lang/String;Z)Lorg/objectweb/asm/AnnotationVisitor; @ 14 c2
Event: 43.837 Thread 0x000001a6c1b1d000 DEOPT PACKING pc=0x000001a6b05fdad4 sp=0x0000003f8cafe2a0
Event: 43.837 Thread 0x000001a6c1b1d000 DEOPT UNPACKING pc=0x000001a6a878a1af sp=0x0000003f8cafe2a8 mode 2
Event: 43.837 Thread 0x000001a6c1b1d000 Uncommon trap: trap_request=0xffffffde fr.pc=0x000001a6b06144dc relative=0x00000000000055bc
Event: 43.837 Thread 0x000001a6c1b1d000 Uncommon trap: reason=class_check action=maybe_recompile pc=0x000001a6b06144dc method=org.objectweb.asm.MethodVisitor.visitAnnotableParameterCount(IZ)V @ 13 c2
Event: 43.837 Thread 0x000001a6c1b1d000 DEOPT PACKING pc=0x000001a6b06144dc sp=0x0000003f8cafe450
Event: 43.837 Thread 0x000001a6c1b1d000 DEOPT UNPACKING pc=0x000001a6a878a1af sp=0x0000003f8cafe2c8 mode 2

Classes redefined (0 events):
No events

Internal exceptions (20 events):
Event: 43.178 Thread 0x000001a6c0850800 Exception <a 'java/lang/ClassNotFoundException'{0x000000008b5f2bd8}: sync_studio_tooling_eqje653ejql37r89dgezuc27lCustomizer> (0x000000008b5f2bd8) thrown at [src/hotspot/share/classfile/systemDictionary.cpp, line 230]
Event: 43.427 Thread 0x000001a6c1b1c000 Exception <a 'sun/nio/fs/WindowsException'{0x000000008b4ade90}> (0x000000008b4ade90) thrown at [src/hotspot/share/prims/jni.cpp, line 617]
Event: 43.569 Thread 0x000001a6c1b1c000 Exception <a 'sun/nio/fs/WindowsException'{0x000000008b4db1a0}> (0x000000008b4db1a0) thrown at [src/hotspot/share/prims/jni.cpp, line 617]
Event: 43.570 Thread 0x000001a6c1b1c000 Exception <a 'sun/nio/fs/WindowsException'{0x000000008b4db318}> (0x000000008b4db318) thrown at [src/hotspot/share/prims/jni.cpp, line 617]
Event: 43.599 Thread 0x000001a6c0850800 Exception <a 'java/lang/ClassNotFoundException'{0x000000008b337418}: ijinit_7pemzvouqq8sb5luniitpyextBeanInfo> (0x000000008b337418) thrown at [src/hotspot/share/classfile/systemDictionary.cpp, line 230]
Event: 43.600 Thread 0x000001a6c0850800 Exception <a 'java/lang/ClassNotFoundException'{0x000000008b3438a8}: ijinit_7pemzvouqq8sb5luniitpyextCustomizer> (0x000000008b3438a8) thrown at [src/hotspot/share/classfile/systemDictionary.cpp, line 230]
Event: 43.609 Thread 0x000001a6c0850800 Exception <a 'java/lang/ClassNotFoundException'{0x000000008b3988c8}: ijinit_7pemzvouqq8sb5luniitpyext$_run_closure1BeanInfo> (0x000000008b3988c8) thrown at [src/hotspot/share/classfile/systemDictionary.cpp, line 230]
Event: 43.610 Thread 0x000001a6c0850800 Exception <a 'java/lang/ClassNotFoundException'{0x000000008b39f8d8}: ijinit_7pemzvouqq8sb5luniitpyext$_run_closure1Customizer> (0x000000008b39f8d8) thrown at [src/hotspot/share/classfile/systemDictionary.cpp, line 230]
Event: 43.645 Thread 0x000001a6c1b1d000 Exception <a 'sun/nio/fs/WindowsException'{0x000000008b034340}> (0x000000008b034340) thrown at [src/hotspot/share/prims/jni.cpp, line 617]
Event: 43.650 Thread 0x000001a6c1b23000 Exception <a 'sun/nio/fs/WindowsException'{0x000000008b210698}> (0x000000008b210698) thrown at [src/hotspot/share/prims/jni.cpp, line 617]
Event: 43.650 Thread 0x000001a6c1b1d000 Implicit null exception at 0x000001a6b0583662 to 0x000001a6b0585580
Event: 43.690 Thread 0x000001a6c1b1e000 Exception <a 'sun/nio/fs/WindowsException'{0x000000008b57e450}> (0x000000008b57e450) thrown at [src/hotspot/share/prims/jni.cpp, line 617]
Event: 43.691 Thread 0x000001a6c1b1c000 Exception <a 'sun/nio/fs/WindowsException'{0x000000008ae8b7d0}> (0x000000008ae8b7d0) thrown at [src/hotspot/share/prims/jni.cpp, line 617]
Event: 43.745 Thread 0x000001a6c1b1e000 Exception <a 'sun/nio/fs/WindowsException'{0x000000008a3f5e68}> (0x000000008a3f5e68) thrown at [src/hotspot/share/prims/jni.cpp, line 617]
Event: 43.764 Thread 0x000001a6c1b1e000 Exception <a 'sun/nio/fs/WindowsException'{0x000000008a3f6018}> (0x000000008a3f6018) thrown at [src/hotspot/share/prims/jni.cpp, line 617]
Event: 43.820 Thread 0x000001a6c1b23000 Exception <a 'sun/nio/fs/WindowsException'{0x0000000088b48060}> (0x0000000088b48060) thrown at [src/hotspot/share/prims/jni.cpp, line 617]
Event: 43.821 Thread 0x000001a6c1b23000 Exception <a 'sun/nio/fs/WindowsException'{0x0000000088b481d8}> (0x0000000088b481d8) thrown at [src/hotspot/share/prims/jni.cpp, line 617]
Event: 43.822 Thread 0x000001a6c1b1c000 Exception <a 'sun/nio/fs/WindowsException'{0x0000000089a44998}> (0x0000000089a44998) thrown at [src/hotspot/share/prims/jni.cpp, line 617]
Event: 43.851 Thread 0x000001a6c1b1c000 Exception <a 'sun/nio/fs/WindowsException'{0x000000009236d390}> (0x000000009236d390) thrown at [src/hotspot/share/prims/jni.cpp, line 617]
Event: 43.856 Thread 0x000001a6c1b1e000 Exception <a 'sun/nio/fs/WindowsException'{0x00000000923dba70}> (0x00000000923dba70) thrown at [src/hotspot/share/prims/jni.cpp, line 617]

Events (20 events):
Event: 43.599 loading class ijinit_7pemzvouqq8sb5luniitpyextBeanInfo
Event: 43.599 loading class ijinit_7pemzvouqq8sb5luniitpyextBeanInfo done
Event: 43.600 loading class ijinit_7pemzvouqq8sb5luniitpyextCustomizer
Event: 43.600 loading class ijinit_7pemzvouqq8sb5luniitpyextCustomizer done
Event: 43.600 loading class ijinit_7pemzvouqq8sb5luniitpyextCustomizer
Event: 43.600 loading class ijinit_7pemzvouqq8sb5luniitpyextCustomizer done
Event: 43.603 loading class groovy/runtime/metaclass/ijinit_7pemzvouqq8sb5luniitpyext$_run_closure1MetaClass
Event: 43.603 loading class groovy/runtime/metaclass/ijinit_7pemzvouqq8sb5luniitpyext$_run_closure1MetaClass done
Event: 43.605 loading class groovy/runtime/metaclass/ijinit_7pemzvouqq8sb5luniitpyext$_run_closure1$_closure2MetaClass
Event: 43.605 loading class groovy/runtime/metaclass/ijinit_7pemzvouqq8sb5luniitpyext$_run_closure1$_closure2MetaClass done
Event: 43.609 loading class ijinit_7pemzvouqq8sb5luniitpyext$_run_closure1BeanInfo
Event: 43.609 loading class ijinit_7pemzvouqq8sb5luniitpyext$_run_closure1BeanInfo done
Event: 43.609 loading class ijinit_7pemzvouqq8sb5luniitpyext$_run_closure1BeanInfo
Event: 43.609 loading class ijinit_7pemzvouqq8sb5luniitpyext$_run_closure1BeanInfo done
Event: 43.609 loading class ijinit_7pemzvouqq8sb5luniitpyext$_run_closure1Customizer
Event: 43.609 loading class ijinit_7pemzvouqq8sb5luniitpyext$_run_closure1Customizer done
Event: 43.610 loading class ijinit_7pemzvouqq8sb5luniitpyext$_run_closure1Customizer
Event: 43.610 loading class ijinit_7pemzvouqq8sb5luniitpyext$_run_closure1Customizer done
Event: 43.826 Executing VM operation: G1CollectForAllocation
Event: 43.832 Executing VM operation: G1CollectForAllocation done


Dynamic libraries:
0x00007ff646650000 - 0x00007ff64665a000 	C:\Program Files\Android\Android Studio\jbr\bin\java.exe
0x00007ffa4b070000 - 0x00007ffa4b268000 	C:\WINDOWS\SYSTEM32\ntdll.dll
0x00007ffa4a450000 - 0x00007ffa4a50f000 	C:\WINDOWS\System32\KERNEL32.DLL
0x00007ffa487f0000 - 0x00007ffa48ac2000 	C:\WINDOWS\System32\KERNELBASE.dll
0x00007ffa48b40000 - 0x00007ffa48c40000 	C:\WINDOWS\System32\ucrtbase.dll
0x00007ffa36140000 - 0x00007ffa36157000 	C:\Program Files\Android\Android Studio\jbr\bin\jli.dll
0x00007ffa35140000 - 0x00007ffa3515b000 	C:\Program Files\Android\Android Studio\jbr\bin\VCRUNTIME140.dll
0x00007ffa4ada0000 - 0x00007ffa4af41000 	C:\WINDOWS\System32\USER32.dll
0x00007ffa40880000 - 0x00007ffa40b1a000 	C:\WINDOWS\WinSxS\amd64_microsoft.windows.common-controls_6595b64144ccf1df_6.0.19041.1110_none_60b5254171f9507e\COMCTL32.dll
0x00007ffa48f50000 - 0x00007ffa48f72000 	C:\WINDOWS\System32\win32u.dll
0x00007ffa49350000 - 0x00007ffa493ee000 	C:\WINDOWS\System32\msvcrt.dll
0x00007ffa4a320000 - 0x00007ffa4a34b000 	C:\WINDOWS\System32\GDI32.dll
0x00007ffa48f80000 - 0x00007ffa4908f000 	C:\WINDOWS\System32\gdi32full.dll
0x00007ffa48c70000 - 0x00007ffa48d0d000 	C:\WINDOWS\System32\msvcp_win.dll
0x00007ffa4a420000 - 0x00007ffa4a450000 	C:\WINDOWS\System32\IMM32.DLL
0x00007ffa42140000 - 0x00007ffa4214c000 	C:\Program Files\Android\Android Studio\jbr\bin\vcruntime140_1.dll
0x00007ffa28fe0000 - 0x00007ffa2906d000 	C:\Program Files\Android\Android Studio\jbr\bin\msvcp140.dll
0x00007ffa224a0000 - 0x00007ffa2305c000 	C:\Program Files\Android\Android Studio\jbr\bin\server\jvm.dll
0x00007ffa4a930000 - 0x00007ffa4a9de000 	C:\WINDOWS\System32\ADVAPI32.dll
0x00007ffa49b50000 - 0x00007ffa49bec000 	C:\WINDOWS\System32\sechost.dll
0x00007ffa4a1f0000 - 0x00007ffa4a314000 	C:\WINDOWS\System32\RPCRT4.dll
0x00007ffa4a740000 - 0x00007ffa4a748000 	C:\WINDOWS\System32\PSAPI.DLL
0x00007ffa41fd0000 - 0x00007ffa41ff7000 	C:\WINDOWS\SYSTEM32\WINMM.dll
0x00007ffa3bb70000 - 0x00007ffa3bb79000 	C:\WINDOWS\SYSTEM32\WSOCK32.dll
0x00007ffa43f40000 - 0x00007ffa43f4a000 	C:\WINDOWS\SYSTEM32\VERSION.dll
0x00007ffa49170000 - 0x00007ffa491db000 	C:\WINDOWS\System32\WS2_32.dll
0x00007ffa46620000 - 0x00007ffa46632000 	C:\WINDOWS\SYSTEM32\kernel.appcore.dll
0x00007ffa43ef0000 - 0x00007ffa43f00000 	C:\Program Files\Android\Android Studio\jbr\bin\verify.dll
0x00007ffa349b0000 - 0x00007ffa34b94000 	C:\WINDOWS\SYSTEM32\DBGHELP.DLL
0x00007ffa34f70000 - 0x00007ffa34fa5000 	C:\WINDOWS\SYSTEM32\dbgcore.DLL
0x00007ffa48d10000 - 0x00007ffa48d92000 	C:\WINDOWS\System32\bcryptPrimitives.dll
0x00007ffa378e0000 - 0x00007ffa37908000 	C:\Program Files\Android\Android Studio\jbr\bin\java.dll
0x00007ffa43eb0000 - 0x00007ffa43eba000 	C:\Program Files\Android\Android Studio\jbr\bin\jimage.dll
0x00007ffa42f00000 - 0x00007ffa42f18000 	C:\Program Files\Android\Android Studio\jbr\bin\zip.dll
0x00007ffa49400000 - 0x00007ffa49b45000 	C:\WINDOWS\System32\SHELL32.dll
0x00007ffa46820000 - 0x00007ffa46fb2000 	C:\WINDOWS\SYSTEM32\windows.storage.dll
0x00007ffa4a9e0000 - 0x00007ffa4ad35000 	C:\WINDOWS\System32\combase.dll
0x00007ffa480c0000 - 0x00007ffa480f0000 	C:\WINDOWS\SYSTEM32\Wldp.dll
0x00007ffa4af50000 - 0x00007ffa4affd000 	C:\WINDOWS\System32\SHCORE.dll
0x00007ffa4ad40000 - 0x00007ffa4ad95000 	C:\WINDOWS\System32\shlwapi.dll
0x00007ffa48680000 - 0x00007ffa4869f000 	C:\WINDOWS\SYSTEM32\profapi.dll
0x00007ffa426c0000 - 0x00007ffa426d9000 	C:\Program Files\Android\Android Studio\jbr\bin\net.dll
0x00007ffa3f1d0000 - 0x00007ffa3f2da000 	C:\WINDOWS\SYSTEM32\WINHTTP.dll
0x00007ffa47e20000 - 0x00007ffa47e8a000 	C:\WINDOWS\system32\mswsock.dll
0x00007ffa3ca30000 - 0x00007ffa3ca43000 	C:\Program Files\Android\Android Studio\jbr\bin\nio.dll
0x00007ffa36e20000 - 0x00007ffa36e47000 	C:\Users\ykelv\.gradle\native\e1d6ef7f7dcc3fd88c89a11ec53ec762bb8ba0a96d01ffa2cd45eb1d1d8dd5c5\windows-amd64\native-platform.dll
0x00007ffa22350000 - 0x00007ffa22494000 	C:\Users\ykelv\.gradle\native\0d407fdbe67a94daf76414ababcb853783967236a71b16ec16e742cd7a986fd3\windows-amd64\native-platform-file-events.dll
0x00007ffa43e40000 - 0x00007ffa43e4a000 	C:\Program Files\Android\Android Studio\jbr\bin\management.dll
0x00007ffa42bb0000 - 0x00007ffa42bbb000 	C:\Program Files\Android\Android Studio\jbr\bin\management_ext.dll
0x00007ffa48010000 - 0x00007ffa48028000 	C:\WINDOWS\SYSTEM32\CRYPTSP.dll
0x00007ffa47740000 - 0x00007ffa47774000 	C:\WINDOWS\system32\rsaenh.dll
0x00007ffa48c40000 - 0x00007ffa48c67000 	C:\WINDOWS\System32\bcrypt.dll
0x00007ffa485d0000 - 0x00007ffa485fe000 	C:\WINDOWS\SYSTEM32\USERENV.dll
0x00007ffa48030000 - 0x00007ffa4803c000 	C:\WINDOWS\SYSTEM32\CRYPTBASE.dll
0x00007ffa47b10000 - 0x00007ffa47b4b000 	C:\WINDOWS\SYSTEM32\IPHLPAPI.DLL
0x00007ffa4a750000 - 0x00007ffa4a758000 	C:\WINDOWS\System32\NSI.dll
0x00007ffa41680000 - 0x00007ffa41697000 	C:\WINDOWS\SYSTEM32\dhcpcsvc6.DLL
0x00007ffa41530000 - 0x00007ffa4154d000 	C:\WINDOWS\SYSTEM32\dhcpcsvc.DLL
0x00007ffa47b50000 - 0x00007ffa47c1b000 	C:\WINDOWS\SYSTEM32\DNSAPI.dll
0x00007ffa477d0000 - 0x00007ffa47803000 	C:\WINDOWS\SYSTEM32\ntmarta.dll

dbghelp: loaded successfully - version: 4.0.5 - missing functions: none
symbol engine: initialized successfully - sym options: 0x614 - pdb path: .;C:\Program Files\Android\Android Studio\jbr\bin;C:\WINDOWS\SYSTEM32;C:\WINDOWS\WinSxS\amd64_microsoft.windows.common-controls_6595b64144ccf1df_6.0.19041.1110_none_60b5254171f9507e;C:\Program Files\Android\Android Studio\jbr\bin\server;C:\Users\ykelv\.gradle\native\e1d6ef7f7dcc3fd88c89a11ec53ec762bb8ba0a96d01ffa2cd45eb1d1d8dd5c5\windows-amd64;C:\Users\ykelv\.gradle\native\0d407fdbe67a94daf76414ababcb853783967236a71b16ec16e742cd7a986fd3\windows-amd64

VM Arguments:
jvm_args: --add-opens=java.base/java.util=ALL-UNNAMED --add-opens=java.base/java.lang=ALL-UNNAMED --add-opens=java.base/java.lang.invoke=ALL-UNNAMED --add-opens=java.base/java.util=ALL-UNNAMED --add-opens=java.prefs/java.util.prefs=ALL-UNNAMED --add-opens=java.prefs/java.util.prefs=ALL-UNNAMED --add-opens=java.base/java.nio.charset=ALL-UNNAMED --add-opens=java.base/java.net=ALL-UNNAMED --add-opens=java.base/java.util.concurrent.atomic=ALL-UNNAMED -Xmx2048m -Dfile.encoding=UTF-8 -Duser.country=BR -Duser.language=pt -Duser.variant 
java_command: org.gradle.launcher.daemon.bootstrap.GradleDaemon 7.5
java_class_path (initial): C:\Users\ykelv\.gradle\wrapper\dists\gradle-7.5-bin\f1w0cc9nuo0eivz97x2xlu9sv\gradle-7.5\lib\gradle-launcher-7.5.jar
Launcher Type: SUN_STANDARD

[Global flags]
     intx CICompilerCount                          = 3                                         {product} {ergonomic}
     uint ConcGCThreads                            = 1                                         {product} {ergonomic}
     uint G1ConcRefinementThreads                  = 4                                         {product} {ergonomic}
   size_t G1HeapRegionSize                         = 1048576                                   {product} {ergonomic}
    uintx GCDrainStackTargetSize                   = 64                                        {product} {ergonomic}
   size_t InitialHeapSize                          = 134217728                                 {product} {ergonomic}
   size_t MarkStackSize                            = 4194304                                   {product} {ergonomic}
   size_t MaxHeapSize                              = 2147483648                                {product} {command line}
   size_t MaxNewSize                               = 1287651328                                {product} {ergonomic}
   size_t MinHeapDeltaBytes                        = 1048576                                   {product} {ergonomic}
    uintx NonNMethodCodeHeapSize                   = 5830732                                {pd product} {ergonomic}
    uintx NonProfiledCodeHeapSize                  = 122913754                              {pd product} {ergonomic}
    uintx ProfiledCodeHeapSize                     = 122913754                              {pd product} {ergonomic}
    uintx ReservedCodeCacheSize                    = 251658240                              {pd product} {ergonomic}
     bool SegmentedCodeCache                       = true                                      {product} {ergonomic}
     bool UseCompressedClassPointers               = true                                 {lp64_product} {ergonomic}
     bool UseCompressedOops                        = true                                 {lp64_product} {ergonomic}
     bool UseG1GC                                  = true                                      {product} {ergonomic}
     bool UseLargePagesIndividualAllocation        = false                                  {pd product} {ergonomic}

Logging:
Log output configuration:
 #0: stdout all=warning uptime,level,tags
 #1: stderr all=off uptime,level,tags

Environment Variables:
PATH=C:\Program Files (x86)\NVIDIA Corporation\PhysX\Common;C:\Program Files\Common Files\Oracle\Java\javapath;C:\Program Files (x86)\Razer Chroma SDK\bin;C:\Program Files\Razer Chroma SDK\bin;C:\Program Files (x86)\Common Files\Oracle\Java\javapath;C:\Windows\system32;C:\Windows;C:\Windows\System32\Wbem;C:\Windows\System32\WindowsPowerShell\v1.0\;C:\Windows\System32\OpenSSH\;C:\Users\ykelv\AppData\Local\Microsoft\WindowsApps;C:\Program Files\Git\cmd;C:\WINDOWS\system32;C:\WINDOWS;C:\WINDOWS\System32\Wbem;C:\WINDOWS\System32\WindowsPowerShell\v1.0\;C:\WINDOWS\System32\OpenSSH\;C:\Program Files\PuTTY\;C:\wamp64\bin\php\php5.6.40;C:\ProgramData\ComposerSetup\bin;C:\Program Files\nodejs\;C:\Users\ykelv\AppData\Local\Microsoft\WindowsApps;C:\Users\ykelv\AppData\Local\GitHubDesktop\bin;;C:\Users\ykelv\AppData\Local\Programs\Microsoft VS Code\bin;C:\Users\ykelv\AppData\Roaming\Composer\vendor\bin;C:\Users\ykelv\AppData\Roaming\npm;C:\Program Files\JetBrains\IntelliJ IDEA Community Edition 2022.3\bin;
USERNAME=ykelv
OS=Windows_NT
PROCESSOR_IDENTIFIER=Intel64 Family 6 Model 58 Stepping 9, GenuineIntel



---------------  S Y S T E M  ---------------

OS: Windows 10 , 64 bit Build 19041 (10.0.19041.2546)
OS uptime: 3 days 6:21 hours

CPU:total 4 (initial active 4) (2 cores per cpu, 2 threads per core) family 6 model 58 stepping 9 microcode 0x21, cmov, cx8, fxsr, mmx, sse, sse2, sse3, ssse3, sse4.1, sse4.2, popcnt, avx, clmul, erms, ht, tsc, tscinvbit, tscinv

Memory: 4k page, system-wide physical 8155M (2631M free)
TotalPageFile size 11415M (AvailPageFile size 4487M)
current process WorkingSet (physical memory assigned to process): 495M, peak: 497M
current process commit charge ("private bytes"): 526M, peak: 528M

vm_info: OpenJDK 64-Bit Server VM (11.0.15+0-b2043.56-9505619) for windows-amd64 JRE (11.0.15+0-b2043.56-9505619), built on Jan 19 2023 02:48:00 by "builduser" with unknown MS VC++:1929

END.
